Downloading from central: https://repo.maven.apache.org/maven2/io/jenkins/tools/incrementals/git-changelist-maven-extension/1.8/git-changelist-maven-extension-1.8.pom
Progress (1): 1.4/2.0 kBProgress (1): 2.0 kB                        Downloaded from central: https://repo.maven.apache.org/maven2/io/jenkins/tools/incrementals/git-changelist-maven-extension/1.8/git-changelist-maven-extension-1.8.pom (2.0 kB at 5.1 kB/s)
Downloading from central: https://repo.maven.apache.org/maven2/io/jenkins/tools/incrementals/parent/1.8/parent-1.8.pom
Progress (1): 1.4/3.7 kBProgress (1): 2.8/3.7 kBProgress (1): 3.7 kB                        Downloaded from central: https://repo.maven.apache.org/maven2/io/jenkins/tools/incrementals/parent/1.8/parent-1.8.pom (3.7 kB at 90 kB/s)
Downloading from central: https://repo.maven.apache.org/maven2/io/jenkins/tools/central-repository-pom/1.3/central-repository-pom-1.3.pom
Progress (1): 1.4/8.3 kBProgress (1): 2.8/8.3 kBProgress (1): 4.1/8.3 kBProgress (1): 5.5/8.3 kBProgress (1): 6.9/8.3 kBProgress (1): 8.3/8.3 kBProgress (1): 8.3 kB                        Downloaded from central: https://repo.maven.apache.org/maven2/io/jenkins/tools/central-repository-pom/1.3/central-repository-pom-1.3.pom (8.3 kB at 164 kB/s)
[INFO] Artifact org.eclipse.jgit:org.eclipse.jgit:pom:6.8.0.202311291450-r is present in the local repository, but cached from a remote repository ID that is unavailable in current build context, verifying that is downloadable from [central (https://repo.maven.apache.org/maven2, default, releases)]
[INFO] Artifact org.eclipse.jgit:org.eclipse.jgit:pom:6.8.0.202311291450-r is present in the local repository, but cached from a remote repository ID that is unavailable in current build context, verifying that is downloadable from [central (https://repo.maven.apache.org/maven2, default, releases)]
Downloading from central: https://repo.maven.apache.org/maven2/org/eclipse/jgit/org.eclipse.jgit/6.8.0.202311291450-r/org.eclipse.jgit-6.8.0.202311291450-r.pom
Downloaded from central: https://repo.maven.apache.org/maven2/org/eclipse/jgit/org.eclipse.jgit/6.8.0.202311291450-r/org.eclipse.jgit-6.8.0.202311291450-r.pom (0 B at 0 B/s)
[INFO] Artifact org.eclipse.jgit:org.eclipse.jgit-parent:pom:6.8.0.202311291450-r is present in the local repository, but cached from a remote repository ID that is unavailable in current build context, verifying that is downloadable from [central (https://repo.maven.apache.org/maven2, default, releases)]
[INFO] Artifact org.eclipse.jgit:org.eclipse.jgit-parent:pom:6.8.0.202311291450-r is present in the local repository, but cached from a remote repository ID that is unavailable in current build context, verifying that is downloadable from [central (https://repo.maven.apache.org/maven2, default, releases)]
Downloading from central: https://repo.maven.apache.org/maven2/org/eclipse/jgit/org.eclipse.jgit-parent/6.8.0.202311291450-r/org.eclipse.jgit-parent-6.8.0.202311291450-r.pom
Downloaded from central: https://repo.maven.apache.org/maven2/org/eclipse/jgit/org.eclipse.jgit-parent/6.8.0.202311291450-r/org.eclipse.jgit-parent-6.8.0.202311291450-r.pom (0 B at 0 B/s)
[INFO] Artifact org.eclipse.jgit:org.eclipse.jgit:jar:6.8.0.202311291450-r is present in the local repository, but cached from a remote repository ID that is unavailable in current build context, verifying that is downloadable from [central (https://repo.maven.apache.org/maven2, default, releases)]
[INFO] Artifact org.eclipse.jgit:org.eclipse.jgit:jar:6.8.0.202311291450-r is present in the local repository, but cached from a remote repository ID that is unavailable in current build context, verifying that is downloadable from [central (https://repo.maven.apache.org/maven2, default, releases)]
Downloading from central: https://repo.maven.apache.org/maven2/io/jenkins/tools/incrementals/git-changelist-maven-extension/1.8/git-changelist-maven-extension-1.8.jar
Progress (1): 1.4/8.4 kBProgress (1): 2.8/8.4 kBProgress (1): 4.1/8.4 kBProgress (1): 5.5/8.4 kBProgress (1): 6.9/8.4 kBProgress (1): 8.3/8.4 kBProgress (1): 8.4 kB                        Downloaded from central: https://repo.maven.apache.org/maven2/io/jenkins/tools/incrementals/git-changelist-maven-extension/1.8/git-changelist-maven-extension-1.8.jar (8.4 kB at 84 kB/s)
Downloading from central: https://repo.maven.apache.org/maven2/org/eclipse/jgit/org.eclipse.jgit/6.8.0.202311291450-r/org.eclipse.jgit-6.8.0.202311291450-r.jar
Downloaded from central: https://repo.maven.apache.org/maven2/org/eclipse/jgit/org.eclipse.jgit/6.8.0.202311291450-r/org.eclipse.jgit-6.8.0.202311291450-r.jar (0 B at 0 B/s)
[INFO] Scanning for projects...
Downloading from repo.jenkins-ci.org: https://repo.jenkins-ci.org/public/org/jenkins-ci/plugins/plugin/4.81/plugin-4.81.pom
Progress (1): 0.5/59 kBProgress (1): 1.9/59 kBProgress (1): 3.3/59 kBProgress (1): 4.7/59 kBProgress (1): 6.1/59 kBProgress (1): 7.5/59 kBProgress (1): 8.9/59 kBProgress (1): 10/59 kB Progress (1): 12/59 kBProgress (1): 13/59 kBProgress (1): 15/59 kBProgress (1): 16/59 kBProgress (1): 16/59 kBProgress (1): 17/59 kBProgress (1): 19/59 kBProgress (1): 20/59 kBProgress (1): 22/59 kBProgress (1): 23/59 kBProgress (1): 24/59 kBProgress (1): 26/59 kBProgress (1): 27/59 kBProgress (1): 29/59 kBProgress (1): 30/59 kBProgress (1): 31/59 kBProgress (1): 33/59 kBProgress (1): 34/59 kBProgress (1): 36/59 kBProgress (1): 37/59 kBProgress (1): 38/59 kBProgress (1): 40/59 kBProgress (1): 41/59 kBProgress (1): 43/59 kBProgress (1): 44/59 kBProgress (1): 45/59 kBProgress (1): 47/59 kBProgress (1): 48/59 kBProgress (1): 49/59 kBProgress (1): 51/59 kBProgress (1): 52/59 kBProgress (1): 54/59 kBProgress (1): 55/59 kBProgress (1): 56/59 kBProgress (1): 58/59 kBProgress (1): 59/59 kBProgress (1): 59 kB                      Downloaded from repo.jenkins-ci.org: https://repo.jenkins-ci.org/public/org/jenkins-ci/plugins/plugin/4.81/plugin-4.81.pom (59 kB at 135 kB/s)
Downloading from repo.jenkins-ci.org: https://repo.jenkins-ci.org/public/io/jenkins/tools/bom/bom-2.414.x/2977.vdf61ecb_fb_e2d/bom-2.414.x-2977.vdf61ecb_fb_e2d.pom
Progress (1): 0.5/18 kBProgress (1): 1.9/18 kBProgress (1): 3.3/18 kBProgress (1): 4.7/18 kBProgress (1): 6.1/18 kBProgress (1): 7.5/18 kBProgress (1): 8.9/18 kBProgress (1): 10/18 kB Progress (1): 12/18 kBProgress (1): 13/18 kBProgress (1): 14/18 kBProgress (1): 16/18 kBProgress (1): 17/18 kBProgress (1): 18 kB                      Downloaded from repo.jenkins-ci.org: https://repo.jenkins-ci.org/public/io/jenkins/tools/bom/bom-2.414.x/2977.vdf61ecb_fb_e2d/bom-2.414.x-2977.vdf61ecb_fb_e2d.pom (18 kB at 166 kB/s)
Downloading from repo.jenkins-ci.org: https://repo.jenkins-ci.org/public/io/jenkins/tools/bom/bom-2.426.x/2977.vdf61ecb_fb_e2d/bom-2.426.x-2977.vdf61ecb_fb_e2d.pom
Progress (1): 0.5/8.7 kBProgress (1): 1.9/8.7 kBProgress (1): 3.3/8.7 kBProgress (1): 4.7/8.7 kBProgress (1): 6.1/8.7 kBProgress (1): 7.5/8.7 kBProgress (1): 8.7 kB                        Downloaded from repo.jenkins-ci.org: https://repo.jenkins-ci.org/public/io/jenkins/tools/bom/bom-2.426.x/2977.vdf61ecb_fb_e2d/bom-2.426.x-2977.vdf61ecb_fb_e2d.pom (8.7 kB at 119 kB/s)
Downloading from repo.jenkins-ci.org: https://repo.jenkins-ci.org/public/io/jenkins/tools/bom/bom-2.440.x/2977.vdf61ecb_fb_e2d/bom-2.440.x-2977.vdf61ecb_fb_e2d.pom
Progress (1): 0.5/8.2 kBProgress (1): 1.9/8.2 kBProgress (1): 3.3/8.2 kBProgress (1): 4.7/8.2 kBProgress (1): 6.1/8.2 kBProgress (1): 7.5/8.2 kBProgress (1): 8.2 kB                        Downloaded from repo.jenkins-ci.org: https://repo.jenkins-ci.org/public/io/jenkins/tools/bom/bom-2.440.x/2977.vdf61ecb_fb_e2d/bom-2.440.x-2977.vdf61ecb_fb_e2d.pom (8.2 kB at 120 kB/s)
Downloading from repo.jenkins-ci.org: https://repo.jenkins-ci.org/public/io/jenkins/tools/bom/bom-weekly/2977.vdf61ecb_fb_e2d/bom-weekly-2977.vdf61ecb_fb_e2d.pom
Progress (1): 0.5/55 kBProgress (1): 1.9/55 kBProgress (1): 3.3/55 kBProgress (1): 4.7/55 kBProgress (1): 6.1/55 kBProgress (1): 7.5/55 kBProgress (1): 8.9/55 kBProgress (1): 10/55 kB Progress (1): 12/55 kBProgress (1): 13/55 kBProgress (1): 14/55 kBProgress (1): 16/55 kBProgress (1): 17/55 kBProgress (1): 19/55 kBProgress (1): 20/55 kBProgress (1): 21/55 kBProgress (1): 23/55 kBProgress (1): 24/55 kBProgress (1): 26/55 kBProgress (1): 27/55 kBProgress (1): 28/55 kBProgress (1): 30/55 kBProgress (1): 31/55 kBProgress (1): 33/55 kBProgress (1): 34/55 kBProgress (1): 35/55 kBProgress (1): 37/55 kBProgress (1): 38/55 kBProgress (1): 40/55 kBProgress (1): 41/55 kBProgress (1): 42/55 kBProgress (1): 44/55 kBProgress (1): 45/55 kBProgress (1): 47/55 kBProgress (1): 48/55 kBProgress (1): 49/55 kBProgress (1): 51/55 kBProgress (1): 52/55 kBProgress (1): 54/55 kBProgress (1): 55/55 kBProgress (1): 55 kB                      Downloaded from repo.jenkins-ci.org: https://repo.jenkins-ci.org/public/io/jenkins/tools/bom/bom-weekly/2977.vdf61ecb_fb_e2d/bom-weekly-2977.vdf61ecb_fb_e2d.pom (55 kB at 504 kB/s)
[INFO] Artifact org.jenkins-ci.tools:maven-hpi-plugin:pom:3.53 is present in the local repository, but cached from a remote repository ID that is unavailable in current build context, verifying that is downloadable from [incrementals (https://repo.jenkins-ci.org/incrementals/, default, releases), central (https://repo.maven.apache.org/maven2, default, releases)]
[INFO] Artifact org.jenkins-ci.tools:maven-hpi-plugin:pom:3.53 is present in the local repository, but cached from a remote repository ID that is unavailable in current build context, verifying that is downloadable from [incrementals (https://repo.jenkins-ci.org/incrementals/, default, releases), central (https://repo.maven.apache.org/maven2, default, releases)]
Downloading from incrementals: https://repo.jenkins-ci.org/incrementals/org/jenkins-ci/tools/maven-hpi-plugin/3.53/maven-hpi-plugin-3.53.pom
[WARNING] The POM for org.jenkins-ci.tools:maven-hpi-plugin:jar:3.53 is missing, no dependency information available
[INFO] Artifact org.jenkins-ci.tools:maven-hpi-plugin:jar:3.53 is present in the local repository, but cached from a remote repository ID that is unavailable in current build context, verifying that is downloadable from [incrementals (https://repo.jenkins-ci.org/incrementals/, default, releases), central (https://repo.maven.apache.org/maven2, default, releases)]
[INFO] Artifact org.jenkins-ci.tools:maven-hpi-plugin:jar:3.53 is present in the local repository, but cached from a remote repository ID that is unavailable in current build context, verifying that is downloadable from [incrementals (https://repo.jenkins-ci.org/incrementals/, default, releases), central (https://repo.maven.apache.org/maven2, default, releases)]
Downloading from incrementals: https://repo.jenkins-ci.org/incrementals/org/jenkins-ci/tools/maven-hpi-plugin/3.53/maven-hpi-plugin-3.53.jar
[WARNING] Failed to build parent project for org.jenkins-ci.plugins:git-client:hpi:4.7.1-SNAPSHOT
[INFO] 
[INFO] -----------------< org.jenkins-ci.plugins:git-client >------------------
[INFO] Building Jenkins Git client plugin 4.7.1-SNAPSHOT
[INFO]   from pom.xml
[INFO] --------------------------------[ hpi ]---------------------------------
Downloading from repo.jenkins-ci.org: https://repo.jenkins-ci.org/public/org/apache/maven/plugins/maven-compiler-plugin/3.13.0/maven-compiler-plugin-3.13.0.pom
Downloading from incrementals: https://repo.jenkins-ci.org/incrementals/org/apache/maven/plugins/maven-compiler-plugin/3.13.0/maven-compiler-plugin-3.13.0.pom
Downloading from central: https://repo.maven.apache.org/maven2/org/apache/maven/plugins/maven-compiler-plugin/3.13.0/maven-compiler-plugin-3.13.0.pom
Progress (1): 1.4/10 kBProgress (1): 2.8/10 kBProgress (1): 4.1/10 kBProgress (1): 5.5/10 kBProgress (1): 6.9/10 kBProgress (1): 8.3/10 kBProgress (1): 9.7/10 kBProgress (1): 10 kB                       Downloaded from central: https://repo.maven.apache.org/maven2/org/apache/maven/plugins/maven-compiler-plugin/3.13.0/maven-compiler-plugin-3.13.0.pom (10 kB at 237 kB/s)
Downloading from repo.jenkins-ci.org: https://repo.jenkins-ci.org/public/org/apache/maven/plugins/maven-compiler-plugin/3.13.0/maven-compiler-plugin-3.13.0.jar
Downloading from incrementals: https://repo.jenkins-ci.org/incrementals/org/apache/maven/plugins/maven-compiler-plugin/3.13.0/maven-compiler-plugin-3.13.0.jar
Downloading from central: https://repo.maven.apache.org/maven2/org/apache/maven/plugins/maven-compiler-plugin/3.13.0/maven-compiler-plugin-3.13.0.jar
Progress (1): 1.4/83 kBProgress (1): 2.8/83 kBProgress (1): 4.1/83 kBProgress (1): 5.5/83 kBProgress (1): 6.9/83 kBProgress (1): 8.3/83 kBProgress (1): 9.7/83 kBProgress (1): 11/83 kB Progress (1): 12/83 kBProgress (1): 14/83 kBProgress (1): 15/83 kBProgress (1): 16/83 kBProgress (1): 32/83 kBProgress (1): 49/83 kBProgress (1): 65/83 kBProgress (1): 81/83 kBProgress (1): 83 kB                      Downloaded from central: https://repo.maven.apache.org/maven2/org/apache/maven/plugins/maven-compiler-plugin/3.13.0/maven-compiler-plugin-3.13.0.jar (83 kB at 1.3 MB/s)
Downloading from repo.jenkins-ci.org: https://repo.jenkins-ci.org/public/org/jenkins-ci/plugins/workflow/workflow-support/896.v175a_a_9c5b_78f/workflow-support-896.v175a_a_9c5b_78f.pom
Progress (1): 0.5/4.2 kBProgress (1): 1.9/4.2 kBProgress (1): 3.3/4.2 kBProgress (1): 4.2 kB                        Downloaded from repo.jenkins-ci.org: https://repo.jenkins-ci.org/public/org/jenkins-ci/plugins/workflow/workflow-support/896.v175a_a_9c5b_78f/workflow-support-896.v175a_a_9c5b_78f.pom (4.2 kB at 60 kB/s)
Downloading from repo.jenkins-ci.org: https://repo.jenkins-ci.org/public/org/jenkins-ci/plugins/script-security/1335.vf07d9ce377a_e/script-security-1335.vf07d9ce377a_e.pom
Progress (1): 0.5/2.3 kBProgress (1): 1.9/2.3 kBProgress (1): 2.3 kB                        Downloaded from repo.jenkins-ci.org: https://repo.jenkins-ci.org/public/org/jenkins-ci/plugins/script-security/1335.vf07d9ce377a_e/script-security-1335.vf07d9ce377a_e.pom (2.3 kB at 30 kB/s)
Downloading from repo.jenkins-ci.org: https://repo.jenkins-ci.org/public/io/jenkins/plugins/mina-sshd-api/mina-sshd-api-common/2.12.1-101.v85b_e08b_780dd/mina-sshd-api-common-2.12.1-101.v85b_e08b_780dd.pom
Progress (1): 0.4/2.6 kBProgress (1): 1.8/2.6 kBProgress (1): 2.6 kB                        Downloaded from repo.jenkins-ci.org: https://repo.jenkins-ci.org/public/io/jenkins/plugins/mina-sshd-api/mina-sshd-api-common/2.12.1-101.v85b_e08b_780dd/mina-sshd-api-common-2.12.1-101.v85b_e08b_780dd.pom (2.6 kB at 33 kB/s)
Downloading from repo.jenkins-ci.org: https://repo.jenkins-ci.org/public/org/apache/sshd/sshd-common/2.12.1/sshd-common-2.12.1.pom
Downloading from incrementals: https://repo.jenkins-ci.org/incrementals/org/apache/sshd/sshd-common/2.12.1/sshd-common-2.12.1.pom
Downloading from central: https://repo.maven.apache.org/maven2/org/apache/sshd/sshd-common/2.12.1/sshd-common-2.12.1.pom
Progress (1): 4.7 kB                    Downloaded from central: https://repo.maven.apache.org/maven2/org/apache/sshd/sshd-common/2.12.1/sshd-common-2.12.1.pom (4.7 kB at 142 kB/s)
Downloading from repo.jenkins-ci.org: https://repo.jenkins-ci.org/public/org/apache/sshd/sshd/2.12.1/sshd-2.12.1.pom
Downloading from incrementals: https://repo.jenkins-ci.org/incrementals/org/apache/sshd/sshd/2.12.1/sshd-2.12.1.pom
Downloading from central: https://repo.maven.apache.org/maven2/org/apache/sshd/sshd/2.12.1/sshd-2.12.1.pom
Progress (1): 16/75 kBProgress (1): 33/75 kBProgress (1): 49/75 kBProgress (1): 62/75 kBProgress (1): 75 kB                      Downloaded from central: https://repo.maven.apache.org/maven2/org/apache/sshd/sshd/2.12.1/sshd-2.12.1.pom (75 kB at 1.4 MB/s)
Downloading from repo.jenkins-ci.org: https://repo.jenkins-ci.org/public/io/jenkins/plugins/mina-sshd-api/mina-sshd-api-core/2.12.1-101.v85b_e08b_780dd/mina-sshd-api-core-2.12.1-101.v85b_e08b_780dd.pom
Progress (1): 0.4/3.5 kBProgress (1): 1.8/3.5 kBProgress (1): 3.2/3.5 kBProgress (1): 3.5 kB                        Downloaded from repo.jenkins-ci.org: https://repo.jenkins-ci.org/public/io/jenkins/plugins/mina-sshd-api/mina-sshd-api-core/2.12.1-101.v85b_e08b_780dd/mina-sshd-api-core-2.12.1-101.v85b_e08b_780dd.pom (3.5 kB at 55 kB/s)
Downloading from repo.jenkins-ci.org: https://repo.jenkins-ci.org/public/org/apache/sshd/sshd-core/2.12.1/sshd-core-2.12.1.pom
Downloading from incrementals: https://repo.jenkins-ci.org/incrementals/org/apache/sshd/sshd-core/2.12.1/sshd-core-2.12.1.pom
Downloading from central: https://repo.maven.apache.org/maven2/org/apache/sshd/sshd-core/2.12.1/sshd-core-2.12.1.pom
Progress (1): 12 kB                   Downloaded from central: https://repo.maven.apache.org/maven2/org/apache/sshd/sshd-core/2.12.1/sshd-core-2.12.1.pom (12 kB at 227 kB/s)
Downloading from repo.jenkins-ci.org: https://repo.jenkins-ci.org/public/org/jenkins-ci/plugins/ssh-credentials/337.v395d2403ccd4/ssh-credentials-337.v395d2403ccd4.pom
Progress (1): 0.5/3.9 kBProgress (1): 1.9/3.9 kBProgress (1): 3.3/3.9 kBProgress (1): 3.9 kB                        Downloaded from repo.jenkins-ci.org: https://repo.jenkins-ci.org/public/org/jenkins-ci/plugins/ssh-credentials/337.v395d2403ccd4/ssh-credentials-337.v395d2403ccd4.pom (3.9 kB at 62 kB/s)
Downloading from repo.jenkins-ci.org: https://repo.jenkins-ci.org/public/org/jenkins-ci/plugins/variant/60.v7290fc0eb_b_cd/variant-60.v7290fc0eb_b_cd.pom
Progress (1): 0.5/1.8 kBProgress (1): 1.8 kB                        Downloaded from repo.jenkins-ci.org: https://repo.jenkins-ci.org/public/org/jenkins-ci/plugins/variant/60.v7290fc0eb_b_cd/variant-60.v7290fc0eb_b_cd.pom (1.8 kB at 30 kB/s)
Downloading from incrementals: https://repo.jenkins-ci.org/incrementals/junit/junit-dep/maven-metadata.xml
Downloading from central: https://repo.maven.apache.org/maven2/junit/junit-dep/maven-metadata.xml
Downloading from repo.jenkins-ci.org: https://repo.jenkins-ci.org/public/junit/junit-dep/maven-metadata.xml
Progress (1): 563 B                   Downloaded from central: https://repo.maven.apache.org/maven2/junit/junit-dep/maven-metadata.xml (563 B at 18 kB/s)
Downloading from repo.jenkins-ci.org: https://repo.jenkins-ci.org/public/org/jenkins-ci/main/jenkins-test-harness/2186.v5a_b_e6dd02a_35/jenkins-test-harness-2186.v5a_b_e6dd02a_35.pom
Progress (1): 0.4/7.8 kBProgress (1): 1.8/7.8 kBProgress (1): 3.2/7.8 kBProgress (1): 4.6/7.8 kBProgress (1): 6.0/7.8 kBProgress (1): 7.4/7.8 kBProgress (1): 7.8 kB                        Downloaded from repo.jenkins-ci.org: https://repo.jenkins-ci.org/public/org/jenkins-ci/main/jenkins-test-harness/2186.v5a_b_e6dd02a_35/jenkins-test-harness-2186.v5a_b_e6dd02a_35.pom (7.8 kB at 112 kB/s)
Downloading from repo.jenkins-ci.org: https://repo.jenkins-ci.org/public/org/jenkins-ci/main/jenkins-test-harness-htmlunit/173.v6956db_94b_793/jenkins-test-harness-htmlunit-173.v6956db_94b_793.pom
Progress (1): 0.4/2.8 kBProgress (1): 1.8/2.8 kBProgress (1): 2.8 kB                        Downloaded from repo.jenkins-ci.org: https://repo.jenkins-ci.org/public/org/jenkins-ci/main/jenkins-test-harness-htmlunit/173.v6956db_94b_793/jenkins-test-harness-htmlunit-173.v6956db_94b_793.pom (2.8 kB at 41 kB/s)
Downloading from repo.jenkins-ci.org: https://repo.jenkins-ci.org/public/nl/jqno/equalsverifier/equalsverifier/3.16.1/equalsverifier-3.16.1.pom
Downloading from incrementals: https://repo.jenkins-ci.org/incrementals/nl/jqno/equalsverifier/equalsverifier/3.16.1/equalsverifier-3.16.1.pom
Downloading from central: https://repo.maven.apache.org/maven2/nl/jqno/equalsverifier/equalsverifier/3.16.1/equalsverifier-3.16.1.pom
Progress (1): 2.9 kB                    Downloaded from central: https://repo.maven.apache.org/maven2/nl/jqno/equalsverifier/equalsverifier/3.16.1/equalsverifier-3.16.1.pom (2.9 kB at 65 kB/s)
Downloading from repo.jenkins-ci.org: https://repo.jenkins-ci.org/public/net/bytebuddy/byte-buddy/1.14.13/byte-buddy-1.14.13.pom
Downloading from incrementals: https://repo.jenkins-ci.org/incrementals/net/bytebuddy/byte-buddy/1.14.13/byte-buddy-1.14.13.pom
Downloading from central: https://repo.maven.apache.org/maven2/net/bytebuddy/byte-buddy/1.14.13/byte-buddy-1.14.13.pom
Progress (1): 16 kB                   Downloaded from central: https://repo.maven.apache.org/maven2/net/bytebuddy/byte-buddy/1.14.13/byte-buddy-1.14.13.pom (16 kB at 408 kB/s)
Downloading from repo.jenkins-ci.org: https://repo.jenkins-ci.org/public/net/bytebuddy/byte-buddy-parent/1.14.13/byte-buddy-parent-1.14.13.pom
Downloading from incrementals: https://repo.jenkins-ci.org/incrementals/net/bytebuddy/byte-buddy-parent/1.14.13/byte-buddy-parent-1.14.13.pom
Downloading from central: https://repo.maven.apache.org/maven2/net/bytebuddy/byte-buddy-parent/1.14.13/byte-buddy-parent-1.14.13.pom
Progress (1): 16/63 kBProgress (1): 33/63 kBProgress (1): 49/63 kBProgress (1): 63 kB                      Downloaded from central: https://repo.maven.apache.org/maven2/net/bytebuddy/byte-buddy-parent/1.14.13/byte-buddy-parent-1.14.13.pom (63 kB at 1.5 MB/s)
Downloading from repo.jenkins-ci.org: https://repo.jenkins-ci.org/public/org/jenkins-ci/plugins/workflow/workflow-support/896.v175a_a_9c5b_78f/workflow-support-896.v175a_a_9c5b_78f.jar
Progress (1): 0.5/130 kBProgress (1): 1.9/130 kBProgress (1): 3.3/130 kBProgress (1): 4.7/130 kBProgress (1): 6.1/130 kBProgress (1): 7.5/130 kBProgress (1): 8.9/130 kBProgress (1): 10/130 kB Progress (1): 12/130 kBProgress (1): 13/130 kBProgress (1): 14/130 kBProgress (1): 16/130 kBProgress (1): 16/130 kBProgress (1): 17/130 kBProgress (1): 19/130 kBProgress (1): 20/130 kBProgress (1): 22/130 kBProgress (1): 23/130 kBProgress (1): 24/130 kBProgress (1): 26/130 kBProgress (1): 27/130 kBProgress (1): 28/130 kBProgress (1): 30/130 kBProgress (1): 31/130 kBProgress (1): 33/130 kBProgress (1): 34/130 kBProgress (1): 36/130 kBProgress (1): 37/130 kBProgress (1): 38/130 kBProgress (1): 40/130 kBProgress (1): 41/130 kBProgress (1): 42/130 kBProgress (1): 44/130 kBProgress (1): 45/130 kBProgress (1): 47/130 kBProgress (1): 48/130 kBProgress (1): 49/130 kBProgress (1): 51/130 kBProgress (1): 52/130 kBProgress (1): 54/130 kBProgress (1): 55/130 kBProgress (1): 56/130 kBProgress (1): 58/130 kBProgress (1): 59/130 kBProgress (1): 61/130 kBProgress (1): 62/130 kBProgress (1): 63/130 kBProgress (1): 65/130 kBProgress (1): 66/130 kBProgress (1): 67/130 kBProgress (1): 69/130 kBProgress (1): 70/130 kBProgress (1): 72/130 kBProgress (1): 73/130 kBProgress (1): 74/130 kBProgress (1): 76/130 kBProgress (1): 77/130 kBProgress (1): 79/130 kBProgress (1): 80/130 kBProgress (1): 81/130 kBProgress (1): 83/130 kBProgress (1): 84/130 kBProgress (1): 86/130 kBProgress (1): 87/130 kBProgress (1): 88/130 kBProgress (1): 90/130 kBProgress (1): 91/130 kBProgress (1): 93/130 kBProgress (1): 94/130 kBProgress (1): 95/130 kBProgress (1): 97/130 kBProgress (1): 98/130 kBProgress (1): 100/130 kBProgress (1): 101/130 kBProgress (1): 102/130 kBProgress (1): 104/130 kBProgress (1): 105/130 kBProgress (1): 107/130 kBProgress (1): 108/130 kBProgress (1): 109/130 kBProgress (1): 111/130 kBProgress (1): 112/130 kBProgress (1): 114/130 kBProgress (1): 115/130 kBProgress (1): 116/130 kBProgress (1): 118/130 kBProgress (1): 119/130 kBProgress (1): 121/130 kBProgress (1): 122/130 kBProgress (1): 123/130 kBProgress (1): 125/130 kBProgress (1): 126/130 kBProgress (1): 128/130 kBProgress (1): 129/130 kBProgress (1): 130 kB                        Downloaded from repo.jenkins-ci.org: https://repo.jenkins-ci.org/public/org/jenkins-ci/plugins/workflow/workflow-support/896.v175a_a_9c5b_78f/workflow-support-896.v175a_a_9c5b_78f.jar (130 kB at 714 kB/s)
Downloading from repo.jenkins-ci.org: https://repo.jenkins-ci.org/public/io/jenkins/plugins/mina-sshd-api/mina-sshd-api-common/2.12.1-101.v85b_e08b_780dd/mina-sshd-api-common-2.12.1-101.v85b_e08b_780dd.jar
Downloading from repo.jenkins-ci.org: https://repo.jenkins-ci.org/public/org/apache/sshd/sshd-common/2.12.1/sshd-common-2.12.1.jar
Downloading from repo.jenkins-ci.org: https://repo.jenkins-ci.org/public/io/jenkins/plugins/mina-sshd-api/mina-sshd-api-core/2.12.1-101.v85b_e08b_780dd/mina-sshd-api-core-2.12.1-101.v85b_e08b_780dd.jar
Downloading from repo.jenkins-ci.org: https://repo.jenkins-ci.org/public/org/apache/sshd/sshd-core/2.12.1/sshd-core-2.12.1.jar
Downloading from repo.jenkins-ci.org: https://repo.jenkins-ci.org/public/org/jenkins-ci/plugins/script-security/1335.vf07d9ce377a_e/script-security-1335.vf07d9ce377a_e.jar
Downloading from repo.jenkins-ci.org: https://repo.jenkins-ci.org/public/org/jenkins-ci/plugins/ssh-credentials/337.v395d2403ccd4/ssh-credentials-337.v395d2403ccd4.jar
Progress (1): 0.5/59 kBProgress (1): 1.9/59 kBProgress (1): 3.3/59 kBProgress (1): 4.7/59 kBProgress (1): 6.1/59 kBProgress (1): 7.5/59 kBProgress (1): 8.9/59 kBProgress (1): 10/59 kB Progress (1): 12/59 kBProgress (1): 13/59 kBProgress (1): 14/59 kBProgress (1): 16/59 kBProgress (1): 16/59 kBProgress (1): 17/59 kBProgress (1): 19/59 kBProgress (1): 20/59 kBProgress (1): 22/59 kBProgress (1): 23/59 kBProgress (1): 24/59 kBProgress (1): 26/59 kBProgress (1): 27/59 kBProgress (1): 29/59 kBProgress (1): 30/59 kBProgress (1): 31/59 kBProgress (1): 33/59 kBProgress (1): 34/59 kBProgress (1): 36/59 kBProgress (1): 37/59 kBProgress (1): 38/59 kBProgress (1): 40/59 kBProgress (1): 41/59 kBProgress (1): 43/59 kBProgress (1): 44/59 kBProgress (1): 45/59 kBProgress (1): 47/59 kBProgress (1): 48/59 kBProgress (1): 49/59 kBProgress (1): 51/59 kBProgress (1): 52/59 kBProgress (1): 54/59 kBProgress (1): 55/59 kBProgress (1): 56/59 kBProgress (1): 58/59 kBProgress (1): 59/59 kBProgress (1): 59 kB                      Downloading from repo.jenkins-ci.org: https://repo.jenkins-ci.org/public/org/jenkins-ci/plugins/variant/60.v7290fc0eb_b_cd/variant-60.v7290fc0eb_b_cd.jar
Downloaded from repo.jenkins-ci.org: https://repo.jenkins-ci.org/public/org/jenkins-ci/plugins/ssh-credentials/337.v395d2403ccd4/ssh-credentials-337.v395d2403ccd4.jar (59 kB at 468 kB/s)
Downloading from repo.jenkins-ci.org: https://repo.jenkins-ci.org/public/nl/jqno/equalsverifier/equalsverifier/3.16.1/equalsverifier-3.16.1.jar
Progress (1): 0.4/13 kBProgress (1): 1.8/13 kBProgress (1): 3.2/13 kBProgress (1): 4.6/13 kBProgress (1): 6.0/13 kBProgress (1): 7.4/13 kBProgress (1): 8.8/13 kBProgress (1): 10/13 kB Progress (1): 12/13 kBProgress (1): 13 kB   Progress (2): 13 kB | 0.5/8.9 kBProgress (2): 13 kB | 1.9/8.9 kBProgress (2): 13 kB | 3.3/8.9 kBProgress (2): 13 kB | 4.7/8.9 kBProgress (2): 13 kB | 6.1/8.9 kBProgress (2): 13 kB | 7.5/8.9 kBProgress (2): 13 kB | 8.9/8.9 kBProgress (2): 13 kB | 8.9 kB    Progress (3): 13 kB | 8.9 kB | 0.5/160 kBProgress (3): 13 kB | 8.9 kB | 1.9/160 kBProgress (3): 13 kB | 8.9 kB | 3.3/160 kBProgress (3): 13 kB | 8.9 kB | 4.7/160 kBProgress (3): 13 kB | 8.9 kB | 6.1/160 kBProgress (3): 13 kB | 8.9 kB | 7.5/160 kBProgress (3): 13 kB | 8.9 kB | 8.9/160 kBProgress (3): 13 kB | 8.9 kB | 10/160 kB Progress (3): 13 kB | 8.9 kB | 12/160 kBProgress (3): 13 kB | 8.9 kB | 13/160 kBProgress (4): 13 kB | 8.9 kB | 13/160 kB | 0.4/2.9 kBProgress (4): 13 kB | 8.9 kB | 13/160 kB | 1.8/2.9 kBProgress (4): 13 kB | 8.9 kB | 13/160 kB | 2.9 kB    Progress (4): 13 kB | 8.9 kB | 14/160 kB | 2.9 kBProgress (4): 13 kB | 8.9 kB | 16/160 kB | 2.9 kBProgress (4): 13 kB | 8.9 kB | 17/160 kB | 2.9 kBProgress (4): 13 kB | 8.9 kB | 19/160 kB | 2.9 kBProgress (4): 13 kB | 8.9 kB | 20/160 kB | 2.9 kBProgress (4): 13 kB | 8.9 kB | 21/160 kB | 2.9 kBProgress (4): 13 kB | 8.9 kB | 23/160 kB | 2.9 kBProgress (4): 13 kB | 8.9 kB | 24/160 kB | 2.9 kBProgress (4): 13 kB | 8.9 kB | 26/160 kB | 2.9 kBProgress (4): 13 kB | 8.9 kB | 27/160 kB | 2.9 kBProgress (4): 13 kB | 8.9 kB | 28/160 kB | 2.9 kBProgress (4): 13 kB | 8.9 kB | 30/160 kB | 2.9 kBProgress (4): 13 kB | 8.9 kB | 31/160 kB | 2.9 kBProgress (4): 13 kB | 8.9 kB | 33/160 kB | 2.9 kBProgress (4): 13 kB | 8.9 kB | 34/160 kB | 2.9 kBProgress (4): 13 kB | 8.9 kB | 35/160 kB | 2.9 kBProgress (4): 13 kB | 8.9 kB | 37/160 kB | 2.9 kBProgress (4): 13 kB | 8.9 kB | 38/160 kB | 2.9 kBProgress (4): 13 kB | 8.9 kB | 40/160 kB | 2.9 kBProgress (4): 13 kB | 8.9 kB | 41/160 kB | 2.9 kB                                                 Downloaded from repo.jenkins-ci.org: https://repo.jenkins-ci.org/public/io/jenkins/plugins/mina-sshd-api/mina-sshd-api-common/2.12.1-101.v85b_e08b_780dd/mina-sshd-api-common-2.12.1-101.v85b_e08b_780dd.jar (2.9 kB at 13 kB/s)
Downloading from repo.jenkins-ci.org: https://repo.jenkins-ci.org/public/net/bytebuddy/byte-buddy/1.14.13/byte-buddy-1.14.13.jar
Progress (3): 13 kB | 8.9 kB | 42/160 kBProgress (3): 13 kB | 8.9 kB | 44/160 kBProgress (3): 13 kB | 8.9 kB | 45/160 kBProgress (3): 13 kB | 8.9 kB | 47/160 kBProgress (3): 13 kB | 8.9 kB | 48/160 kBProgress (3): 13 kB | 8.9 kB | 49/160 kBProgress (3): 13 kB | 8.9 kB | 51/160 kBProgress (3): 13 kB | 8.9 kB | 52/160 kBProgress (3): 13 kB | 8.9 kB | 54/160 kBProgress (3): 13 kB | 8.9 kB | 55/160 kBProgress (3): 13 kB | 8.9 kB | 56/160 kBProgress (3): 13 kB | 8.9 kB | 58/160 kBProgress (3): 13 kB | 8.9 kB | 59/160 kBProgress (3): 13 kB | 8.9 kB | 61/160 kBProgress (3): 13 kB | 8.9 kB | 62/160 kBProgress (3): 13 kB | 8.9 kB | 63/160 kBProgress (3): 13 kB | 8.9 kB | 65/160 kBProgress (3): 13 kB | 8.9 kB | 66/160 kBProgress (3): 13 kB | 8.9 kB | 68/160 kBProgress (3): 13 kB | 8.9 kB | 69/160 kBProgress (3): 13 kB | 8.9 kB | 70/160 kBProgress (3): 13 kB | 8.9 kB | 72/160 kBProgress (3): 13 kB | 8.9 kB | 73/160 kBProgress (3): 13 kB | 8.9 kB | 75/160 kBProgress (3): 13 kB | 8.9 kB | 76/160 kBProgress (3): 13 kB | 8.9 kB | 77/160 kB                                        Downloaded from repo.jenkins-ci.org: https://repo.jenkins-ci.org/public/io/jenkins/plugins/mina-sshd-api/mina-sshd-api-core/2.12.1-101.v85b_e08b_780dd/mina-sshd-api-core-2.12.1-101.v85b_e08b_780dd.jar (13 kB at 51 kB/s)
Progress (2): 8.9 kB | 79/160 kB                                Downloading from repo.jenkins-ci.org: https://repo.jenkins-ci.org/public/org/jenkins-ci/main/jenkins-test-harness/2186.v5a_b_e6dd02a_35/jenkins-test-harness-2186.v5a_b_e6dd02a_35.jar
Progress (2): 8.9 kB | 80/160 kBProgress (2): 8.9 kB | 82/160 kBProgress (2): 8.9 kB | 83/160 kBProgress (2): 8.9 kB | 84/160 kBProgress (2): 8.9 kB | 86/160 kBProgress (2): 8.9 kB | 87/160 kBProgress (2): 8.9 kB | 89/160 kBProgress (2): 8.9 kB | 90/160 kBProgress (2): 8.9 kB | 91/160 kBProgress (2): 8.9 kB | 93/160 kBProgress (2): 8.9 kB | 94/160 kBProgress (2): 8.9 kB | 96/160 kBProgress (2): 8.9 kB | 97/160 kB                                Downloaded from repo.jenkins-ci.org: https://repo.jenkins-ci.org/public/org/jenkins-ci/plugins/variant/60.v7290fc0eb_b_cd/variant-60.v7290fc0eb_b_cd.jar (8.9 kB at 33 kB/s)
Downloading from repo.jenkins-ci.org: https://repo.jenkins-ci.org/public/org/jenkins-ci/main/jenkins-test-harness-htmlunit/173.v6956db_94b_793/jenkins-test-harness-htmlunit-173.v6956db_94b_793.jar
Progress (1): 98/160 kBProgress (1): 100/160 kBProgress (1): 101/160 kBProgress (1): 103/160 kBProgress (1): 104/160 kBProgress (1): 105/160 kBProgress (1): 107/160 kBProgress (1): 108/160 kBProgress (1): 110/160 kBProgress (1): 111/160 kBProgress (1): 112/160 kBProgress (1): 114/160 kBProgress (1): 115/160 kBProgress (1): 117/160 kBProgress (1): 118/160 kBProgress (1): 119/160 kBProgress (1): 121/160 kBProgress (1): 122/160 kBProgress (1): 124/160 kBProgress (1): 125/160 kBProgress (1): 126/160 kBProgress (1): 128/160 kBProgress (1): 129/160 kBProgress (1): 131/160 kBProgress (1): 132/160 kBProgress (1): 133/160 kBProgress (1): 135/160 kBProgress (1): 136/160 kBProgress (1): 138/160 kBProgress (1): 139/160 kBProgress (1): 140/160 kBProgress (1): 142/160 kBProgress (1): 143/160 kBProgress (1): 145/160 kBProgress (1): 146/160 kBProgress (1): 147/160 kBProgress (1): 149/160 kBProgress (1): 150/160 kBProgress (1): 152/160 kBProgress (1): 153/160 kBProgress (1): 154/160 kBProgress (1): 156/160 kBProgress (1): 157/160 kBProgress (1): 159/160 kBProgress (1): 160 kB                        Downloaded from repo.jenkins-ci.org: https://repo.jenkins-ci.org/public/org/jenkins-ci/plugins/script-security/1335.vf07d9ce377a_e/script-security-1335.vf07d9ce377a_e.jar (160 kB at 500 kB/s)
Progress (1): 16/471 kBProgress (2): 16/471 kB | 0/8.2 MBProgress (2): 16/471 kB | 0/8.2 MBProgress (2): 16/471 kB | 0/8.2 MBProgress (2): 32/471 kB | 0/8.2 MBProgress (2): 33/471 kB | 0/8.2 MBProgress (2): 49/471 kB | 0/8.2 MBProgress (2): 50/471 kB | 0/8.2 MBProgress (2): 53/471 kB | 0/8.2 MBProgress (2): 62/471 kB | 0/8.2 MBProgress (2): 79/471 kB | 0/8.2 MBProgress (2): 80/471 kB | 0/8.2 MBProgress (2): 80/471 kB | 0/8.2 MBProgress (2): 80/471 kB | 0/8.2 MBProgress (2): 80/471 kB | 0.1/8.2 MBProgress (2): 80/471 kB | 0.1/8.2 MBProgress (2): 80/471 kB | 0.1/8.2 MBProgress (2): 80/471 kB | 0.1/8.2 MBProgress (2): 95/471 kB | 0.1/8.2 MBProgress (2): 111/471 kB | 0.1/8.2 MBProgress (2): 112/471 kB | 0.1/8.2 MBProgress (2): 116/471 kB | 0.1/8.2 MBProgress (2): 133/471 kB | 0.1/8.2 MBProgress (2): 134/471 kB | 0.1/8.2 MBProgress (2): 134/471 kB | 0.1/8.2 MBProgress (2): 151/471 kB | 0.1/8.2 MBProgress (2): 152/471 kB | 0.1/8.2 MBProgress (2): 167/471 kB | 0.1/8.2 MBProgress (2): 183/471 kB | 0.1/8.2 MBProgress (2): 184/471 kB | 0.1/8.2 MBProgress (2): 188/471 kB | 0.1/8.2 MBProgress (2): 188/471 kB | 0.1/8.2 MBProgress (2): 188/471 kB | 0.1/8.2 MBProgress (2): 188/471 kB | 0.1/8.2 MBProgress (2): 188/471 kB | 0.1/8.2 MBProgress (2): 188/471 kB | 0.1/8.2 MBProgress (2): 188/471 kB | 0.1/8.2 MBProgress (2): 188/471 kB | 0.1/8.2 MBProgress (2): 188/471 kB | 0.1/8.2 MBProgress (2): 188/471 kB | 0.2/8.2 MBProgress (2): 188/471 kB | 0.2/8.2 MBProgress (2): 188/471 kB | 0.2/8.2 MBProgress (2): 188/471 kB | 0.2/8.2 MBProgress (2): 197/471 kB | 0.2/8.2 MBProgress (2): 214/471 kB | 0.2/8.2 MBProgress (2): 215/471 kB | 0.2/8.2 MBProgress (2): 224/471 kB | 0.2/8.2 MBProgress (2): 241/471 kB | 0.2/8.2 MBProgress (2): 242/471 kB | 0.2/8.2 MBProgress (2): 251/471 kB | 0.2/8.2 MBProgress (2): 260/471 kB | 0.2/8.2 MBProgress (2): 277/471 kB | 0.2/8.2 MBProgress (2): 293/471 kB | 0.2/8.2 MBProgress (2): 294/471 kB | 0.2/8.2 MBProgress (2): 310/471 kB | 0.2/8.2 MBProgress (2): 311/471 kB | 0.2/8.2 MBProgress (2): 314/471 kB | 0.2/8.2 MBProgress (2): 323/471 kB | 0.2/8.2 MBProgress (2): 340/471 kB | 0.2/8.2 MBProgress (2): 341/471 kB | 0.2/8.2 MBProgress (2): 356/471 kB | 0.2/8.2 MBProgress (2): 372/471 kB | 0.2/8.2 MBProgress (2): 373/471 kB | 0.2/8.2 MBProgress (2): 377/471 kB | 0.2/8.2 MBProgress (2): 386/471 kB | 0.2/8.2 MBProgress (2): 403/471 kB | 0.2/8.2 MBProgress (2): 404/471 kB | 0.2/8.2 MBProgress (2): 404/471 kB | 0.2/8.2 MBProgress (2): 404/471 kB | 0.2/8.2 MBProgress (2): 404/471 kB | 0.2/8.2 MBProgress (2): 404/471 kB | 0.2/8.2 MBProgress (2): 404/471 kB | 0.2/8.2 MBProgress (2): 404/471 kB | 0.2/8.2 MBProgress (2): 404/471 kB | 0.3/8.2 MBProgress (2): 404/471 kB | 0.3/8.2 MBProgress (2): 404/471 kB | 0.3/8.2 MBProgress (2): 404/471 kB | 0.3/8.2 MBProgress (2): 404/471 kB | 0.3/8.2 MBProgress (2): 404/471 kB | 0.3/8.2 MBProgress (2): 404/471 kB | 0.3/8.2 MBProgress (2): 404/471 kB | 0.3/8.2 MBProgress (2): 404/471 kB | 0.3/8.2 MBProgress (2): 404/471 kB | 0.3/8.2 MBProgress (2): 404/471 kB | 0.3/8.2 MBProgress (2): 404/471 kB | 0.4/8.2 MBProgress (2): 404/471 kB | 0.4/8.2 MBProgress (2): 404/471 kB | 0.4/8.2 MBProgress (2): 404/471 kB | 0.4/8.2 MBProgress (2): 404/471 kB | 0.4/8.2 MBProgress (2): 404/471 kB | 0.4/8.2 MBProgress (2): 404/471 kB | 0.4/8.2 MBProgress (2): 419/471 kB | 0.4/8.2 MBProgress (2): 435/471 kB | 0.4/8.2 MBProgress (2): 436/471 kB | 0.4/8.2 MBProgress (2): 449/471 kB | 0.4/8.2 MBProgress (2): 458/471 kB | 0.4/8.2 MBProgress (2): 467/471 kB | 0.4/8.2 MBProgress (2): 471 kB | 0.4/8.2 MB    Progress (2): 471 kB | 0.4/8.2 MBProgress (2): 471 kB | 0.4/8.2 MBProgress (2): 471 kB | 0.4/8.2 MBProgress (2): 471 kB | 0.4/8.2 MBProgress (2): 471 kB | 0.5/8.2 MBProgress (2): 471 kB | 0.5/8.2 MBProgress (2): 471 kB | 0.5/8.2 MBProgress (2): 471 kB | 0.5/8.2 MBProgress (2): 471 kB | 0.5/8.2 MBProgress (2): 471 kB | 0.5/8.2 MBProgress (2): 471 kB | 0.5/8.2 MBProgress (2): 471 kB | 0.5/8.2 MBProgress (2): 471 kB | 0.5/8.2 MBProgress (2): 471 kB | 0.5/8.2 MBProgress (2): 471 kB | 0.6/8.2 MBProgress (2): 471 kB | 0.6/8.2 MBProgress (2): 471 kB | 0.6/8.2 MBProgress (2): 471 kB | 0.6/8.2 MBProgress (2): 471 kB | 0.6/8.2 MBProgress (2): 471 kB | 0.6/8.2 MBProgress (2): 471 kB | 0.6/8.2 MBProgress (2): 471 kB | 0.6/8.2 MBProgress (2): 471 kB | 0.6/8.2 MBProgress (2): 471 kB | 0.6/8.2 MBProgress (2): 471 kB | 0.6/8.2 MBProgress (2): 471 kB | 0.6/8.2 MBProgress (2): 471 kB | 0.7/8.2 MBProgress (2): 471 kB | 0.7/8.2 MBProgress (2): 471 kB | 0.7/8.2 MBProgress (2): 471 kB | 0.7/8.2 MBProgress (2): 471 kB | 0.7/8.2 MBProgress (2): 471 kB | 0.7/8.2 MBProgress (2): 471 kB | 0.7/8.2 MBProgress (2): 471 kB | 0.7/8.2 MBProgress (2): 471 kB | 0.7/8.2 MBProgress (2): 471 kB | 0.8/8.2 MBProgress (2): 471 kB | 0.8/8.2 MBProgress (2): 471 kB | 0.8/8.2 MBProgress (2): 471 kB | 0.8/8.2 MBProgress (2): 471 kB | 0.8/8.2 MBProgress (2): 471 kB | 0.8/8.2 MBProgress (2): 471 kB | 0.8/8.2 MBProgress (2): 471 kB | 0.8/8.2 MBProgress (2): 471 kB | 0.8/8.2 MBProgress (2): 471 kB | 0.8/8.2 MBProgress (2): 471 kB | 0.8/8.2 MBProgress (2): 471 kB | 0.8/8.2 MBProgress (2): 471 kB | 0.9/8.2 MBProgress (2): 471 kB | 0.9/8.2 MBProgress (2): 471 kB | 0.9/8.2 MBProgress (2): 471 kB | 0.9/8.2 MBProgress (2): 471 kB | 0.9/8.2 MBProgress (2): 471 kB | 0.9/8.2 MBProgress (2): 471 kB | 0.9/8.2 MBProgress (2): 471 kB | 0.9/8.2 MBProgress (2): 471 kB | 0.9/8.2 MBProgress (2): 471 kB | 1.0/8.2 MBProgress (2): 471 kB | 1.0/8.2 MBProgress (2): 471 kB | 1.0/8.2 MBProgress (2): 471 kB | 1.0/8.2 MBProgress (2): 471 kB | 1.0/8.2 MBProgress (2): 471 kB | 1.0/8.2 MBProgress (2): 471 kB | 1.0/8.2 MBProgress (2): 471 kB | 1.0/8.2 MBProgress (2): 471 kB | 1.0/8.2 MBProgress (2): 471 kB | 1.0/8.2 MBProgress (2): 471 kB | 1.0/8.2 MB                                 Downloaded from repo.jenkins-ci.org: https://repo.jenkins-ci.org/public/org/jenkins-ci/main/jenkins-test-harness/2186.v5a_b_e6dd02a_35/jenkins-test-harness-2186.v5a_b_e6dd02a_35.jar (471 kB at 614 kB/s)
Progress (1): 1.1/8.2 MBProgress (1): 1.1/8.2 MBProgress (1): 1.1/8.2 MBProgress (1): 1.1/8.2 MBProgress (1): 1.1/8.2 MBProgress (1): 1.1/8.2 MBProgress (1): 1.1/8.2 MBProgress (1): 1.1/8.2 MBProgress (1): 1.1/8.2 MBProgress (1): 1.1/8.2 MBProgress (1): 1.1/8.2 MBProgress (1): 1.2/8.2 MBProgress (1): 1.2/8.2 MBProgress (1): 1.2/8.2 MBProgress (1): 1.2/8.2 MBProgress (1): 1.2/8.2 MBProgress (1): 1.2/8.2 MBProgress (1): 1.2/8.2 MBProgress (1): 1.2/8.2 MBProgress (1): 1.2/8.2 MBProgress (1): 1.2/8.2 MBProgress (1): 1.3/8.2 MBProgress (1): 1.3/8.2 MBProgress (1): 1.3/8.2 MBProgress (1): 1.3/8.2 MBProgress (1): 1.3/8.2 MBProgress (1): 1.3/8.2 MBProgress (1): 1.3/8.2 MBProgress (1): 1.3/8.2 MBProgress (1): 1.3/8.2 MBProgress (1): 1.3/8.2 MBProgress (1): 1.4/8.2 MBProgress (1): 1.4/8.2 MBProgress (1): 1.4/8.2 MBProgress (1): 1.4/8.2 MBProgress (1): 1.4/8.2 MBProgress (1): 1.4/8.2 MBProgress (1): 1.4/8.2 MBProgress (1): 1.4/8.2 MBProgress (1): 1.4/8.2 MBProgress (1): 1.4/8.2 MBProgress (1): 1.4/8.2 MBProgress (1): 1.4/8.2 MBProgress (1): 1.5/8.2 MBProgress (1): 1.5/8.2 MBProgress (1): 1.5/8.2 MBProgress (1): 1.5/8.2 MBProgress (1): 1.5/8.2 MBProgress (1): 1.5/8.2 MBProgress (1): 1.5/8.2 MBProgress (1): 1.5/8.2 MBProgress (1): 1.5/8.2 MBProgress (1): 1.5/8.2 MBProgress (1): 1.5/8.2 MBProgress (1): 1.6/8.2 MBProgress (1): 1.6/8.2 MBProgress (1): 1.6/8.2 MBProgress (1): 1.6/8.2 MBProgress (1): 1.6/8.2 MBProgress (1): 1.6/8.2 MBProgress (1): 1.6/8.2 MBProgress (1): 1.6/8.2 MBProgress (1): 1.6/8.2 MBProgress (1): 1.6/8.2 MBProgress (1): 1.6/8.2 MBProgress (1): 1.7/8.2 MBProgress (1): 1.7/8.2 MBProgress (1): 1.7/8.2 MBProgress (1): 1.7/8.2 MBProgress (1): 1.7/8.2 MBProgress (1): 1.7/8.2 MBProgress (1): 1.7/8.2 MBProgress (1): 1.7/8.2 MBProgress (1): 1.7/8.2 MBProgress (1): 1.7/8.2 MBProgress (1): 1.7/8.2 MBProgress (1): 1.7/8.2 MBProgress (1): 1.8/8.2 MBProgress (1): 1.8/8.2 MBProgress (1): 1.8/8.2 MBProgress (1): 1.8/8.2 MBProgress (1): 1.8/8.2 MBProgress (1): 1.8/8.2 MBProgress (1): 1.8/8.2 MBProgress (1): 1.8/8.2 MBProgress (1): 1.8/8.2 MBProgress (1): 1.8/8.2 MBProgress (1): 1.8/8.2 MBProgress (1): 1.8/8.2 MBProgress (1): 1.9/8.2 MBProgress (1): 1.9/8.2 MBProgress (1): 1.9/8.2 MBProgress (1): 1.9/8.2 MBProgress (1): 1.9/8.2 MBProgress (1): 1.9/8.2 MBProgress (1): 1.9/8.2 MBProgress (1): 1.9/8.2 MBProgress (1): 1.9/8.2 MBProgress (1): 1.9/8.2 MBProgress (1): 1.9/8.2 MBProgress (1): 2.0/8.2 MBProgress (1): 2.0/8.2 MBProgress (1): 2.0/8.2 MBProgress (1): 2.0/8.2 MBProgress (1): 2.0/8.2 MBProgress (1): 2.0/8.2 MBProgress (1): 2.0/8.2 MBProgress (1): 2.0/8.2 MBProgress (1): 2.0/8.2 MBProgress (1): 2.0/8.2 MBProgress (1): 2.0/8.2 MBProgress (1): 2.1/8.2 MBProgress (1): 2.1/8.2 MBProgress (1): 2.1/8.2 MBProgress (1): 2.1/8.2 MBProgress (1): 2.1/8.2 MBProgress (1): 2.1/8.2 MBProgress (1): 2.1/8.2 MBProgress (1): 2.1/8.2 MBProgress (1): 2.1/8.2 MBProgress (1): 2.2/8.2 MBProgress (1): 2.2/8.2 MBProgress (1): 2.2/8.2 MBProgress (1): 2.2/8.2 MBProgress (1): 2.2/8.2 MBProgress (1): 2.2/8.2 MBProgress (1): 2.3/8.2 MBProgress (1): 2.3/8.2 MBProgress (1): 2.3/8.2 MBProgress (1): 2.3/8.2 MBProgress (1): 2.3/8.2 MBProgress (1): 2.3/8.2 MBProgress (1): 2.4/8.2 MBProgress (1): 2.4/8.2 MBProgress (1): 2.4/8.2 MBProgress (1): 2.4/8.2 MBProgress (1): 2.4/8.2 MBProgress (1): 2.4/8.2 MBProgress (1): 2.5/8.2 MBProgress (1): 2.5/8.2 MBProgress (1): 2.5/8.2 MBProgress (1): 2.5/8.2 MBProgress (1): 2.5/8.2 MBProgress (1): 2.5/8.2 MBProgress (1): 2.5/8.2 MBProgress (1): 2.6/8.2 MBProgress (1): 2.6/8.2 MBProgress (1): 2.6/8.2 MBProgress (1): 2.6/8.2 MBProgress (1): 2.6/8.2 MBProgress (1): 2.6/8.2 MBProgress (1): 2.7/8.2 MBProgress (1): 2.7/8.2 MBProgress (1): 2.7/8.2 MBProgress (1): 2.7/8.2 MBProgress (1): 2.7/8.2 MBProgress (1): 2.7/8.2 MBProgress (1): 2.8/8.2 MBProgress (1): 2.8/8.2 MBProgress (1): 2.8/8.2 MBProgress (1): 2.8/8.2 MBProgress (1): 2.8/8.2 MBProgress (1): 2.8/8.2 MBProgress (1): 2.9/8.2 MBProgress (1): 2.9/8.2 MBProgress (1): 2.9/8.2 MBProgress (1): 2.9/8.2 MBProgress (1): 2.9/8.2 MBProgress (1): 2.9/8.2 MBProgress (1): 3.0/8.2 MBProgress (1): 3.0/8.2 MBProgress (1): 3.0/8.2 MBProgress (1): 3.0/8.2 MBProgress (1): 3.0/8.2 MBProgress (1): 3.0/8.2 MBProgress (1): 3.1/8.2 MBProgress (1): 3.1/8.2 MBProgress (1): 3.1/8.2 MBProgress (1): 3.1/8.2 MBProgress (1): 3.1/8.2 MBProgress (1): 3.1/8.2 MBProgress (1): 3.2/8.2 MBProgress (1): 3.2/8.2 MBProgress (1): 3.2/8.2 MBProgress (1): 3.2/8.2 MBProgress (1): 3.2/8.2 MBProgress (1): 3.2/8.2 MBProgress (1): 3.3/8.2 MBProgress (1): 3.3/8.2 MBProgress (1): 3.3/8.2 MBProgress (1): 3.3/8.2 MBProgress (1): 3.3/8.2 MBProgress (1): 3.3/8.2 MBProgress (1): 3.4/8.2 MBProgress (1): 3.4/8.2 MBProgress (1): 3.4/8.2 MBProgress (1): 3.4/8.2 MBProgress (1): 3.4/8.2 MBProgress (1): 3.4/8.2 MBProgress (1): 3.4/8.2 MBProgress (1): 3.5/8.2 MBProgress (1): 3.5/8.2 MBProgress (1): 3.5/8.2 MBProgress (1): 3.5/8.2 MBProgress (1): 3.5/8.2 MBProgress (1): 3.5/8.2 MBProgress (1): 3.6/8.2 MBProgress (1): 3.6/8.2 MBProgress (1): 3.6/8.2 MBProgress (1): 3.6/8.2 MBProgress (1): 3.6/8.2 MBProgress (1): 3.6/8.2 MBProgress (1): 3.7/8.2 MBProgress (1): 3.7/8.2 MBProgress (1): 3.7/8.2 MBProgress (1): 3.7/8.2 MBProgress (1): 3.7/8.2 MBProgress (1): 3.7/8.2 MBProgress (1): 3.8/8.2 MBProgress (1): 3.8/8.2 MBProgress (1): 3.8/8.2 MBProgress (1): 3.8/8.2 MBProgress (1): 3.8/8.2 MBProgress (1): 3.8/8.2 MBProgress (1): 3.9/8.2 MBProgress (1): 3.9/8.2 MBProgress (1): 3.9/8.2 MBProgress (1): 3.9/8.2 MBProgress (1): 3.9/8.2 MBProgress (1): 3.9/8.2 MBProgress (1): 4.0/8.2 MBProgress (1): 4.0/8.2 MBProgress (1): 4.0/8.2 MBProgress (1): 4.0/8.2 MBProgress (1): 4.0/8.2 MBProgress (1): 4.0/8.2 MBProgress (1): 4.1/8.2 MBProgress (1): 4.1/8.2 MBProgress (1): 4.1/8.2 MBProgress (1): 4.1/8.2 MBProgress (1): 4.1/8.2 MBProgress (1): 4.1/8.2 MBProgress (1): 4.2/8.2 MBProgress (1): 4.2/8.2 MBProgress (1): 4.2/8.2 MBProgress (1): 4.2/8.2 MBProgress (1): 4.2/8.2 MBProgress (1): 4.2/8.2 MBProgress (1): 4.3/8.2 MBProgress (1): 4.3/8.2 MBProgress (1): 4.3/8.2 MBProgress (1): 4.3/8.2 MBProgress (1): 4.3/8.2 MBProgress (1): 4.3/8.2 MBProgress (1): 4.4/8.2 MBProgress (1): 4.4/8.2 MBProgress (1): 4.4/8.2 MBProgress (1): 4.4/8.2 MBProgress (1): 4.4/8.2 MBProgress (1): 4.4/8.2 MBProgress (1): 4.4/8.2 MBProgress (1): 4.5/8.2 MBProgress (1): 4.5/8.2 MBProgress (1): 4.5/8.2 MBProgress (1): 4.5/8.2 MBProgress (1): 4.5/8.2 MBProgress (1): 4.5/8.2 MBProgress (1): 4.6/8.2 MBProgress (1): 4.6/8.2 MBProgress (1): 4.6/8.2 MBProgress (1): 4.6/8.2 MBProgress (1): 4.6/8.2 MBProgress (1): 4.6/8.2 MBProgress (1): 4.7/8.2 MBProgress (1): 4.7/8.2 MBProgress (1): 4.7/8.2 MBProgress (1): 4.7/8.2 MBProgress (1): 4.7/8.2 MBProgress (1): 4.7/8.2 MBProgress (1): 4.8/8.2 MBProgress (1): 4.8/8.2 MBProgress (1): 4.8/8.2 MBProgress (1): 4.8/8.2 MBProgress (1): 4.8/8.2 MBProgress (1): 4.8/8.2 MBProgress (1): 4.9/8.2 MBProgress (1): 4.9/8.2 MBProgress (1): 4.9/8.2 MBProgress (1): 4.9/8.2 MBProgress (1): 4.9/8.2 MBProgress (1): 4.9/8.2 MBProgress (1): 5.0/8.2 MBProgress (1): 5.0/8.2 MBProgress (1): 5.0/8.2 MBProgress (1): 5.0/8.2 MBProgress (1): 5.0/8.2 MBProgress (1): 5.0/8.2 MBProgress (1): 5.1/8.2 MBProgress (1): 5.1/8.2 MBProgress (1): 5.1/8.2 MBProgress (1): 5.1/8.2 MBProgress (1): 5.1/8.2 MBProgress (1): 5.1/8.2 MBProgress (1): 5.2/8.2 MBProgress (1): 5.2/8.2 MBProgress (1): 5.2/8.2 MBProgress (1): 5.2/8.2 MBProgress (1): 5.2/8.2 MBProgress (1): 5.2/8.2 MBProgress (1): 5.3/8.2 MBProgress (1): 5.3/8.2 MBProgress (1): 5.3/8.2 MBProgress (1): 5.3/8.2 MBProgress (1): 5.3/8.2 MBProgress (1): 5.3/8.2 MBProgress (1): 5.4/8.2 MBProgress (1): 5.4/8.2 MBProgress (1): 5.4/8.2 MBProgress (1): 5.4/8.2 MBProgress (1): 5.4/8.2 MBProgress (1): 5.4/8.2 MBProgress (1): 5.4/8.2 MBProgress (1): 5.5/8.2 MBProgress (1): 5.5/8.2 MBProgress (1): 5.5/8.2 MBProgress (1): 5.5/8.2 MBProgress (1): 5.5/8.2 MBProgress (1): 5.5/8.2 MBProgress (1): 5.6/8.2 MBProgress (1): 5.6/8.2 MBProgress (1): 5.6/8.2 MBProgress (1): 5.6/8.2 MBProgress (1): 5.6/8.2 MBProgress (1): 5.6/8.2 MBProgress (1): 5.7/8.2 MBProgress (1): 5.7/8.2 MBProgress (1): 5.7/8.2 MBProgress (1): 5.7/8.2 MBProgress (1): 5.7/8.2 MBProgress (1): 5.7/8.2 MBProgress (1): 5.8/8.2 MBProgress (1): 5.8/8.2 MBProgress (1): 5.8/8.2 MBProgress (1): 5.8/8.2 MBProgress (1): 5.8/8.2 MBProgress (1): 5.8/8.2 MBProgress (1): 5.9/8.2 MBProgress (1): 5.9/8.2 MBProgress (1): 5.9/8.2 MBProgress (1): 5.9/8.2 MBProgress (1): 5.9/8.2 MBProgress (1): 5.9/8.2 MBProgress (1): 6.0/8.2 MBProgress (1): 6.0/8.2 MBProgress (1): 6.0/8.2 MBProgress (1): 6.0/8.2 MBProgress (1): 6.0/8.2 MBProgress (1): 6.0/8.2 MBProgress (1): 6.1/8.2 MBProgress (1): 6.1/8.2 MBProgress (1): 6.1/8.2 MBProgress (1): 6.1/8.2 MBProgress (1): 6.1/8.2 MBProgress (1): 6.1/8.2 MBProgress (1): 6.2/8.2 MBProgress (1): 6.2/8.2 MBProgress (1): 6.2/8.2 MBProgress (1): 6.2/8.2 MBProgress (1): 6.2/8.2 MBProgress (1): 6.2/8.2 MBProgress (1): 6.3/8.2 MBProgress (1): 6.3/8.2 MBProgress (1): 6.3/8.2 MBProgress (1): 6.3/8.2 MBProgress (1): 6.3/8.2 MBProgress (1): 6.3/8.2 MBProgress (1): 6.3/8.2 MBProgress (1): 6.4/8.2 MBProgress (1): 6.4/8.2 MBProgress (1): 6.4/8.2 MBProgress (1): 6.4/8.2 MBProgress (1): 6.4/8.2 MBProgress (1): 6.4/8.2 MBProgress (1): 6.5/8.2 MBProgress (1): 6.5/8.2 MBProgress (1): 6.5/8.2 MBProgress (1): 6.5/8.2 MBProgress (1): 6.5/8.2 MBProgress (1): 6.5/8.2 MBProgress (1): 6.6/8.2 MBProgress (1): 6.6/8.2 MBProgress (1): 6.6/8.2 MBProgress (1): 6.6/8.2 MBProgress (1): 6.6/8.2 MBProgress (1): 6.6/8.2 MBProgress (1): 6.7/8.2 MBProgress (1): 6.7/8.2 MBProgress (1): 6.7/8.2 MBProgress (1): 6.7/8.2 MBProgress (1): 6.7/8.2 MBProgress (1): 6.7/8.2 MBProgress (1): 6.8/8.2 MBProgress (1): 6.8/8.2 MBProgress (1): 6.8/8.2 MBProgress (1): 6.8/8.2 MBProgress (1): 6.8/8.2 MBProgress (1): 6.8/8.2 MBProgress (1): 6.9/8.2 MBProgress (1): 6.9/8.2 MBProgress (1): 6.9/8.2 MBProgress (1): 6.9/8.2 MBProgress (1): 6.9/8.2 MBProgress (1): 6.9/8.2 MBProgress (1): 7.0/8.2 MBProgress (1): 7.0/8.2 MBProgress (1): 7.0/8.2 MBProgress (1): 7.0/8.2 MBProgress (1): 7.0/8.2 MBProgress (1): 7.0/8.2 MBProgress (1): 7.1/8.2 MBProgress (1): 7.1/8.2 MBProgress (1): 7.1/8.2 MBProgress (1): 7.1/8.2 MBProgress (1): 7.1/8.2 MBProgress (1): 7.1/8.2 MBProgress (1): 7.2/8.2 MBProgress (1): 7.2/8.2 MBProgress (1): 7.2/8.2 MBProgress (1): 7.2/8.2 MBProgress (1): 7.2/8.2 MBProgress (1): 7.2/8.2 MBProgress (1): 7.3/8.2 MBProgress (1): 7.3/8.2 MBProgress (1): 7.3/8.2 MBProgress (1): 7.3/8.2 MBProgress (1): 7.3/8.2 MBProgress (1): 7.3/8.2 MBProgress (1): 7.3/8.2 MBProgress (1): 7.4/8.2 MBProgress (1): 7.4/8.2 MBProgress (1): 7.4/8.2 MBProgress (1): 7.4/8.2 MBProgress (1): 7.4/8.2 MBProgress (1): 7.4/8.2 MBProgress (1): 7.5/8.2 MBProgress (1): 7.5/8.2 MBProgress (1): 7.5/8.2 MBProgress (1): 7.5/8.2 MBProgress (1): 7.5/8.2 MBProgress (1): 7.5/8.2 MBProgress (1): 7.6/8.2 MBProgress (1): 7.6/8.2 MBProgress (1): 7.6/8.2 MBProgress (1): 7.6/8.2 MBProgress (1): 7.6/8.2 MBProgress (1): 7.6/8.2 MBProgress (1): 7.7/8.2 MBProgress (1): 7.7/8.2 MBProgress (1): 7.7/8.2 MBProgress (1): 7.7/8.2 MBProgress (1): 7.7/8.2 MBProgress (1): 7.7/8.2 MBProgress (1): 7.8/8.2 MBProgress (1): 7.8/8.2 MBProgress (1): 7.8/8.2 MBProgress (1): 7.8/8.2 MBProgress (1): 7.8/8.2 MBProgress (1): 7.8/8.2 MBProgress (1): 7.9/8.2 MBProgress (1): 7.9/8.2 MBProgress (1): 7.9/8.2 MBProgress (1): 7.9/8.2 MBProgress (1): 7.9/8.2 MBProgress (1): 7.9/8.2 MBProgress (1): 8.0/8.2 MBProgress (1): 8.0/8.2 MBProgress (1): 8.0/8.2 MBProgress (1): 8.0/8.2 MBProgress (1): 8.0/8.2 MBProgress (1): 8.0/8.2 MBProgress (1): 8.1/8.2 MBProgress (1): 8.1/8.2 MBProgress (1): 8.1/8.2 MBProgress (1): 8.1/8.2 MBProgress (1): 8.1/8.2 MBProgress (1): 8.1/8.2 MBProgress (1): 8.2/8.2 MBProgress (1): 8.2/8.2 MBProgress (1): 8.2/8.2 MBProgress (1): 8.2/8.2 MBProgress (1): 8.2/8.2 MBProgress (1): 8.2/8.2 MBProgress (1): 8.2 MB                        Downloaded from repo.jenkins-ci.org: https://repo.jenkins-ci.org/public/org/jenkins-ci/main/jenkins-test-harness-htmlunit/173.v6956db_94b_793/jenkins-test-harness-htmlunit-173.v6956db_94b_793.jar (8.2 MB at 5.4 MB/s)
Downloading from incrementals: https://repo.jenkins-ci.org/incrementals/org/apache/sshd/sshd-common/2.12.1/sshd-common-2.12.1.jar
Downloading from incrementals: https://repo.jenkins-ci.org/incrementals/org/apache/sshd/sshd-core/2.12.1/sshd-core-2.12.1.jar
Downloading from incrementals: https://repo.jenkins-ci.org/incrementals/nl/jqno/equalsverifier/equalsverifier/3.16.1/equalsverifier-3.16.1.jar
Downloading from incrementals: https://repo.jenkins-ci.org/incrementals/net/bytebuddy/byte-buddy/1.14.13/byte-buddy-1.14.13.jar
Downloading from central: https://repo.maven.apache.org/maven2/org/apache/sshd/sshd-common/2.12.1/sshd-common-2.12.1.jar
Progress (1): 16/920 kBProgress (1): 33/920 kBProgress (1): 49/920 kBProgress (1): 66/920 kBProgress (1): 82/920 kBProgress (1): 98/920 kBProgress (1): 115/920 kBProgress (1): 131/920 kBProgress (1): 147/920 kBProgress (1): 164/920 kBProgress (1): 180/920 kBProgress (1): 195/920 kBProgress (1): 211/920 kBProgress (1): 227/920 kBProgress (1): 244/920 kBProgress (1): 260/920 kBProgress (1): 276/920 kBProgress (1): 293/920 kBProgress (1): 309/920 kBProgress (1): 326/920 kBProgress (1): 342/920 kBProgress (1): 358/920 kBProgress (1): 375/920 kBProgress (1): 391/920 kBProgress (1): 408/920 kBProgress (1): 424/920 kBProgress (1): 440/920 kBProgress (1): 457/920 kBProgress (1): 473/920 kBProgress (1): 485/920 kBProgress (1): 502/920 kBProgress (1): 518/920 kBProgress (1): 522/920 kBProgress (1): 539/920 kBProgress (1): 555/920 kBProgress (1): 571/920 kBProgress (1): 588/920 kBProgress (1): 604/920 kBProgress (1): 621/920 kBProgress (1): 637/920 kBProgress (1): 653/920 kBProgress (1): 670/920 kBProgress (1): 686/920 kBProgress (1): 702/920 kBProgress (1): 719/920 kBProgress (1): 735/920 kBProgress (1): 752/920 kBProgress (1): 768/920 kBProgress (1): 784/920 kBProgress (1): 801/920 kBProgress (1): 817/920 kBProgress (1): 834/920 kBProgress (1): 850/920 kBProgress (1): 866/920 kBProgress (1): 883/920 kBProgress (1): 899/920 kBProgress (1): 915/920 kBProgress (1): 920 kB                        Downloaded from central: https://repo.maven.apache.org/maven2/org/apache/sshd/sshd-common/2.12.1/sshd-common-2.12.1.jar (920 kB at 8.4 MB/s)
Downloading from central: https://repo.maven.apache.org/maven2/org/apache/sshd/sshd-core/2.12.1/sshd-core-2.12.1.jar
Downloading from central: https://repo.maven.apache.org/maven2/nl/jqno/equalsverifier/equalsverifier/3.16.1/equalsverifier-3.16.1.jar
Downloading from central: https://repo.maven.apache.org/maven2/net/bytebuddy/byte-buddy/1.14.13/byte-buddy-1.14.13.jar
Progress (1): 15/923 kBProgress (1): 31/923 kBProgress (1): 48/923 kBProgress (1): 64/923 kBProgress (1): 79/923 kBProgress (1): 95/923 kBProgress (1): 112/923 kBProgress (1): 128/923 kBProgress (1): 145/923 kBProgress (1): 161/923 kBProgress (1): 177/923 kBProgress (1): 194/923 kBProgress (1): 210/923 kBProgress (1): 226/923 kBProgress (1): 243/923 kBProgress (1): 259/923 kBProgress (1): 276/923 kBProgress (1): 292/923 kBProgress (1): 308/923 kBProgress (1): 325/923 kBProgress (1): 341/923 kBProgress (1): 358/923 kBProgress (1): 374/923 kBProgress (1): 390/923 kBProgress (1): 407/923 kBProgress (1): 423/923 kBProgress (1): 439/923 kBProgress (1): 456/923 kBProgress (1): 472/923 kBProgress (1): 489/923 kBProgress (1): 505/923 kBProgress (1): 521/923 kBProgress (1): 538/923 kBProgress (1): 554/923 kBProgress (1): 570/923 kBProgress (1): 587/923 kBProgress (1): 603/923 kBProgress (1): 620/923 kBProgress (1): 636/923 kBProgress (1): 652/923 kBProgress (1): 669/923 kBProgress (1): 685/923 kBProgress (1): 702/923 kBProgress (1): 718/923 kBProgress (1): 734/923 kBProgress (1): 751/923 kBProgress (1): 767/923 kBProgress (1): 783/923 kBProgress (1): 800/923 kBProgress (1): 816/923 kBProgress (1): 833/923 kBProgress (1): 849/923 kBProgress (1): 865/923 kBProgress (1): 882/923 kBProgress (1): 898/923 kBProgress (1): 915/923 kBProgress (1): 923 kB    Progress (2): 923 kB | 1.4/231 kBProgress (2): 923 kB | 2.8/231 kBProgress (2): 923 kB | 4.1/231 kBProgress (2): 923 kB | 5.5/231 kBProgress (2): 923 kB | 6.9/231 kBProgress (2): 923 kB | 8.3/231 kBProgress (2): 923 kB | 9.7/231 kBProgress (2): 923 kB | 11/231 kB Progress (2): 923 kB | 12/231 kBProgress (2): 923 kB | 14/231 kBProgress (2): 923 kB | 15/231 kBProgress (2): 923 kB | 16/231 kBProgress (2): 923 kB | 32/231 kBProgress (3): 923 kB | 32/231 kB | 0/4.2 MBProgress (3): 923 kB | 32/231 kB | 0/4.2 MBProgress (3): 923 kB | 49/231 kB | 0/4.2 MBProgress (3): 923 kB | 65/231 kB | 0/4.2 MBProgress (3): 923 kB | 81/231 kB | 0/4.2 MB                                           Downloaded from central: https://repo.maven.apache.org/maven2/org/apache/sshd/sshd-core/2.12.1/sshd-core-2.12.1.jar (923 kB at 12 MB/s)
Progress (2): 98/231 kB | 0/4.2 MBProgress (2): 114/231 kB | 0/4.2 MBProgress (2): 114/231 kB | 0/4.2 MBProgress (2): 130/231 kB | 0/4.2 MBProgress (2): 130/231 kB | 0.1/4.2 MBProgress (2): 147/231 kB | 0.1/4.2 MBProgress (2): 147/231 kB | 0.1/4.2 MBProgress (2): 163/231 kB | 0.1/4.2 MBProgress (2): 163/231 kB | 0.1/4.2 MBProgress (2): 163/231 kB | 0.1/4.2 MBProgress (2): 180/231 kB | 0.1/4.2 MBProgress (2): 196/231 kB | 0.1/4.2 MBProgress (2): 212/231 kB | 0.1/4.2 MBProgress (2): 229/231 kB | 0.1/4.2 MBProgress (2): 231 kB | 0.1/4.2 MB    Progress (2): 231 kB | 0.1/4.2 MBProgress (2): 231 kB | 0.1/4.2 MBProgress (2): 231 kB | 0.2/4.2 MBProgress (2): 231 kB | 0.2/4.2 MBProgress (2): 231 kB | 0.2/4.2 MBProgress (2): 231 kB | 0.2/4.2 MBProgress (2): 231 kB | 0.2/4.2 MBProgress (2): 231 kB | 0.2/4.2 MBProgress (2): 231 kB | 0.3/4.2 MBProgress (2): 231 kB | 0.3/4.2 MBProgress (2): 231 kB | 0.3/4.2 MBProgress (2): 231 kB | 0.3/4.2 MBProgress (2): 231 kB | 0.3/4.2 MBProgress (2): 231 kB | 0.3/4.2 MBProgress (2): 231 kB | 0.4/4.2 MBProgress (2): 231 kB | 0.4/4.2 MBProgress (2): 231 kB | 0.4/4.2 MBProgress (2): 231 kB | 0.4/4.2 MBProgress (2): 231 kB | 0.4/4.2 MBProgress (2): 231 kB | 0.4/4.2 MBProgress (2): 231 kB | 0.5/4.2 MBProgress (2): 231 kB | 0.5/4.2 MBProgress (2): 231 kB | 0.5/4.2 MBProgress (2): 231 kB | 0.5/4.2 MBProgress (2): 231 kB | 0.5/4.2 MBProgress (2): 231 kB | 0.5/4.2 MBProgress (2): 231 kB | 0.5/4.2 MBProgress (2): 231 kB | 0.6/4.2 MBProgress (2): 231 kB | 0.6/4.2 MBProgress (2): 231 kB | 0.6/4.2 MBProgress (2): 231 kB | 0.6/4.2 MBProgress (2): 231 kB | 0.6/4.2 MBProgress (2): 231 kB | 0.6/4.2 MBProgress (2): 231 kB | 0.7/4.2 MBProgress (2): 231 kB | 0.7/4.2 MBProgress (2): 231 kB | 0.7/4.2 MBProgress (2): 231 kB | 0.7/4.2 MBProgress (2): 231 kB | 0.7/4.2 MBProgress (2): 231 kB | 0.7/4.2 MBProgress (2): 231 kB | 0.8/4.2 MBProgress (2): 231 kB | 0.8/4.2 MB                                 Downloaded from central: https://repo.maven.apache.org/maven2/nl/jqno/equalsverifier/equalsverifier/3.16.1/equalsverifier-3.16.1.jar (231 kB at 1.9 MB/s)
Progress (1): 0.8/4.2 MBProgress (1): 0.8/4.2 MBProgress (1): 0.8/4.2 MBProgress (1): 0.8/4.2 MBProgress (1): 0.9/4.2 MBProgress (1): 0.9/4.2 MBProgress (1): 0.9/4.2 MBProgress (1): 0.9/4.2 MBProgress (1): 0.9/4.2 MBProgress (1): 0.9/4.2 MBProgress (1): 1.0/4.2 MBProgress (1): 1.0/4.2 MBProgress (1): 1.0/4.2 MBProgress (1): 1.0/4.2 MBProgress (1): 1.0/4.2 MBProgress (1): 1.0/4.2 MBProgress (1): 1.1/4.2 MBProgress (1): 1.1/4.2 MBProgress (1): 1.1/4.2 MBProgress (1): 1.1/4.2 MBProgress (1): 1.1/4.2 MBProgress (1): 1.1/4.2 MBProgress (1): 1.1/4.2 MBProgress (1): 1.1/4.2 MBProgress (1): 1.2/4.2 MBProgress (1): 1.2/4.2 MBProgress (1): 1.2/4.2 MBProgress (1): 1.2/4.2 MBProgress (1): 1.2/4.2 MBProgress (1): 1.2/4.2 MBProgress (1): 1.3/4.2 MBProgress (1): 1.3/4.2 MBProgress (1): 1.3/4.2 MBProgress (1): 1.3/4.2 MBProgress (1): 1.3/4.2 MBProgress (1): 1.3/4.2 MBProgress (1): 1.4/4.2 MBProgress (1): 1.4/4.2 MBProgress (1): 1.4/4.2 MBProgress (1): 1.4/4.2 MBProgress (1): 1.4/4.2 MBProgress (1): 1.4/4.2 MBProgress (1): 1.5/4.2 MBProgress (1): 1.5/4.2 MBProgress (1): 1.5/4.2 MBProgress (1): 1.5/4.2 MBProgress (1): 1.5/4.2 MBProgress (1): 1.5/4.2 MBProgress (1): 1.6/4.2 MBProgress (1): 1.6/4.2 MBProgress (1): 1.6/4.2 MBProgress (1): 1.6/4.2 MBProgress (1): 1.6/4.2 MBProgress (1): 1.6/4.2 MBProgress (1): 1.7/4.2 MBProgress (1): 1.7/4.2 MBProgress (1): 1.7/4.2 MBProgress (1): 1.7/4.2 MBProgress (1): 1.7/4.2 MBProgress (1): 1.7/4.2 MBProgress (1): 1.7/4.2 MBProgress (1): 1.8/4.2 MBProgress (1): 1.8/4.2 MBProgress (1): 1.8/4.2 MBProgress (1): 1.8/4.2 MBProgress (1): 1.8/4.2 MBProgress (1): 1.8/4.2 MBProgress (1): 1.9/4.2 MBProgress (1): 1.9/4.2 MBProgress (1): 1.9/4.2 MBProgress (1): 1.9/4.2 MBProgress (1): 1.9/4.2 MBProgress (1): 1.9/4.2 MBProgress (1): 2.0/4.2 MBProgress (1): 2.0/4.2 MBProgress (1): 2.0/4.2 MBProgress (1): 2.0/4.2 MBProgress (1): 2.0/4.2 MBProgress (1): 2.0/4.2 MBProgress (1): 2.1/4.2 MBProgress (1): 2.1/4.2 MBProgress (1): 2.1/4.2 MBProgress (1): 2.1/4.2 MBProgress (1): 2.1/4.2 MBProgress (1): 2.1/4.2 MBProgress (1): 2.2/4.2 MBProgress (1): 2.2/4.2 MBProgress (1): 2.2/4.2 MBProgress (1): 2.2/4.2 MBProgress (1): 2.2/4.2 MBProgress (1): 2.2/4.2 MBProgress (1): 2.3/4.2 MBProgress (1): 2.3/4.2 MBProgress (1): 2.3/4.2 MBProgress (1): 2.3/4.2 MBProgress (1): 2.3/4.2 MBProgress (1): 2.3/4.2 MBProgress (1): 2.4/4.2 MBProgress (1): 2.4/4.2 MBProgress (1): 2.4/4.2 MBProgress (1): 2.4/4.2 MBProgress (1): 2.4/4.2 MBProgress (1): 2.4/4.2 MBProgress (1): 2.4/4.2 MBProgress (1): 2.5/4.2 MBProgress (1): 2.5/4.2 MBProgress (1): 2.5/4.2 MBProgress (1): 2.5/4.2 MBProgress (1): 2.5/4.2 MBProgress (1): 2.5/4.2 MBProgress (1): 2.6/4.2 MBProgress (1): 2.6/4.2 MBProgress (1): 2.6/4.2 MBProgress (1): 2.6/4.2 MBProgress (1): 2.6/4.2 MBProgress (1): 2.6/4.2 MBProgress (1): 2.7/4.2 MBProgress (1): 2.7/4.2 MBProgress (1): 2.7/4.2 MBProgress (1): 2.7/4.2 MBProgress (1): 2.7/4.2 MBProgress (1): 2.7/4.2 MBProgress (1): 2.8/4.2 MBProgress (1): 2.8/4.2 MBProgress (1): 2.8/4.2 MBProgress (1): 2.8/4.2 MBProgress (1): 2.8/4.2 MBProgress (1): 2.8/4.2 MBProgress (1): 2.9/4.2 MBProgress (1): 2.9/4.2 MBProgress (1): 2.9/4.2 MBProgress (1): 2.9/4.2 MBProgress (1): 2.9/4.2 MBProgress (1): 2.9/4.2 MBProgress (1): 3.0/4.2 MBProgress (1): 3.0/4.2 MBProgress (1): 3.0/4.2 MBProgress (1): 3.0/4.2 MBProgress (1): 3.0/4.2 MBProgress (1): 3.0/4.2 MBProgress (1): 3.0/4.2 MBProgress (1): 3.1/4.2 MBProgress (1): 3.1/4.2 MBProgress (1): 3.1/4.2 MBProgress (1): 3.1/4.2 MBProgress (1): 3.1/4.2 MBProgress (1): 3.1/4.2 MBProgress (1): 3.2/4.2 MBProgress (1): 3.2/4.2 MBProgress (1): 3.2/4.2 MBProgress (1): 3.2/4.2 MBProgress (1): 3.2/4.2 MBProgress (1): 3.2/4.2 MBProgress (1): 3.3/4.2 MBProgress (1): 3.3/4.2 MBProgress (1): 3.3/4.2 MBProgress (1): 3.3/4.2 MBProgress (1): 3.3/4.2 MBProgress (1): 3.3/4.2 MBProgress (1): 3.4/4.2 MBProgress (1): 3.4/4.2 MBProgress (1): 3.4/4.2 MBProgress (1): 3.4/4.2 MBProgress (1): 3.4/4.2 MBProgress (1): 3.4/4.2 MBProgress (1): 3.5/4.2 MBProgress (1): 3.5/4.2 MBProgress (1): 3.5/4.2 MBProgress (1): 3.5/4.2 MBProgress (1): 3.5/4.2 MBProgress (1): 3.5/4.2 MBProgress (1): 3.6/4.2 MBProgress (1): 3.6/4.2 MBProgress (1): 3.6/4.2 MBProgress (1): 3.6/4.2 MBProgress (1): 3.6/4.2 MBProgress (1): 3.6/4.2 MBProgress (1): 3.7/4.2 MBProgress (1): 3.7/4.2 MBProgress (1): 3.7/4.2 MBProgress (1): 3.7/4.2 MBProgress (1): 3.7/4.2 MBProgress (1): 3.7/4.2 MBProgress (1): 3.7/4.2 MBProgress (1): 3.8/4.2 MBProgress (1): 3.8/4.2 MBProgress (1): 3.8/4.2 MBProgress (1): 3.8/4.2 MBProgress (1): 3.8/4.2 MBProgress (1): 3.8/4.2 MBProgress (1): 3.9/4.2 MBProgress (1): 3.9/4.2 MBProgress (1): 3.9/4.2 MBProgress (1): 3.9/4.2 MBProgress (1): 3.9/4.2 MBProgress (1): 3.9/4.2 MBProgress (1): 4.0/4.2 MBProgress (1): 4.0/4.2 MBProgress (1): 4.0/4.2 MBProgress (1): 4.0/4.2 MBProgress (1): 4.0/4.2 MBProgress (1): 4.0/4.2 MBProgress (1): 4.1/4.2 MBProgress (1): 4.1/4.2 MBProgress (1): 4.1/4.2 MBProgress (1): 4.1/4.2 MBProgress (1): 4.1/4.2 MBProgress (1): 4.1/4.2 MBProgress (1): 4.2/4.2 MBProgress (1): 4.2/4.2 MBProgress (1): 4.2/4.2 MBProgress (1): 4.2/4.2 MBProgress (1): 4.2 MB                        Downloaded from central: https://repo.maven.apache.org/maven2/net/bytebuddy/byte-buddy/1.14.13/byte-buddy-1.14.13.jar (4.2 MB at 14 MB/s)
[INFO] 
[INFO] --- hpi:3.53:validate (default-validate) @ git-client ---
[INFO] Created marker file C:\Users\chrisherczeg\SWEngineering\Final\git-cilent-plugin-benchmark\GCP\target\java-level\11
[INFO] 
[INFO] --- hpi:3.53:validate-hpi (default-validate-hpi) @ git-client ---
[INFO] 
[INFO] --- enforcer:3.4.1:enforce (display-info) @ git-client ---
[INFO] Rule 0: io.jenkins.tools.incrementals.enforcer.RequireExtensionVersion passed
[INFO] Rule 1: org.apache.maven.enforcer.rules.version.RequireMavenVersion passed
[INFO] Rule 2: org.apache.maven.enforcer.rules.version.RequireJavaVersion passed
[INFO] Rule 3: org.codehaus.mojo.extraenforcer.dependencies.EnforceBytecodeVersion passed
[INFO] Rule 4: org.apache.maven.enforcer.rules.dependency.BannedDependencies passed
[INFO] Ignoring requireUpperBoundDeps in com.google.code.findbugs:jsr305
[INFO] Rule 5: org.apache.maven.enforcer.rules.dependency.RequireUpperBoundDeps passed
[INFO] 
[INFO] --- enforcer:3.4.1:enforce (no-snapshots-in-release) @ git-client ---
[INFO] Rule 0: org.apache.maven.enforcer.rules.dependency.RequireReleaseDeps passed
[INFO] 
[INFO] --- localizer:1.31:generate (default) @ git-client ---
[INFO] 
[INFO] --- resources:3.3.1:resources (default-resources) @ git-client ---
[INFO] Copying 23 resources from src\main\resources to target\classes
[INFO] 
[INFO] --- flatten:1.6.0:flatten (flatten) @ git-client ---
[INFO] Generating flattened POM of project org.jenkins-ci.plugins:git-client:hpi:4.7.1-SNAPSHOT...
[INFO] 
[INFO] --- compiler:3.13.0:compile (default-compile) @ git-client ---
Downloading from repo.jenkins-ci.org: https://repo.jenkins-ci.org/public/org/codehaus/plexus/plexus-compiler-api/2.15.0/plexus-compiler-api-2.15.0.pom
Downloading from incrementals: https://repo.jenkins-ci.org/incrementals/org/codehaus/plexus/plexus-compiler-api/2.15.0/plexus-compiler-api-2.15.0.pom
Downloading from central: https://repo.maven.apache.org/maven2/org/codehaus/plexus/plexus-compiler-api/2.15.0/plexus-compiler-api-2.15.0.pom
Progress (1): 1.4 kB                    Downloaded from central: https://repo.maven.apache.org/maven2/org/codehaus/plexus/plexus-compiler-api/2.15.0/plexus-compiler-api-2.15.0.pom (1.4 kB at 24 kB/s)
Downloading from repo.jenkins-ci.org: https://repo.jenkins-ci.org/public/org/codehaus/plexus/plexus-compiler/2.15.0/plexus-compiler-2.15.0.pom
Downloading from incrementals: https://repo.jenkins-ci.org/incrementals/org/codehaus/plexus/plexus-compiler/2.15.0/plexus-compiler-2.15.0.pom
Downloading from central: https://repo.maven.apache.org/maven2/org/codehaus/plexus/plexus-compiler/2.15.0/plexus-compiler-2.15.0.pom
Progress (1): 7.6 kB                    Downloaded from central: https://repo.maven.apache.org/maven2/org/codehaus/plexus/plexus-compiler/2.15.0/plexus-compiler-2.15.0.pom (7.6 kB at 195 kB/s)
Downloading from repo.jenkins-ci.org: https://repo.jenkins-ci.org/public/org/codehaus/plexus/plexus/17/plexus-17.pom
Downloading from incrementals: https://repo.jenkins-ci.org/incrementals/org/codehaus/plexus/plexus/17/plexus-17.pom
Downloading from central: https://repo.maven.apache.org/maven2/org/codehaus/plexus/plexus/17/plexus-17.pom
Progress (1): 16/28 kBProgress (1): 28 kB                      Downloaded from central: https://repo.maven.apache.org/maven2/org/codehaus/plexus/plexus/17/plexus-17.pom (28 kB at 575 kB/s)
Downloading from repo.jenkins-ci.org: https://repo.jenkins-ci.org/public/org/codehaus/plexus/plexus-compiler-manager/2.15.0/plexus-compiler-manager-2.15.0.pom
Downloading from incrementals: https://repo.jenkins-ci.org/incrementals/org/codehaus/plexus/plexus-compiler-manager/2.15.0/plexus-compiler-manager-2.15.0.pom
Downloading from central: https://repo.maven.apache.org/maven2/org/codehaus/plexus/plexus-compiler-manager/2.15.0/plexus-compiler-manager-2.15.0.pom
Progress (1): 1.3 kB                    Downloaded from central: https://repo.maven.apache.org/maven2/org/codehaus/plexus/plexus-compiler-manager/2.15.0/plexus-compiler-manager-2.15.0.pom (1.3 kB at 43 kB/s)
Downloading from repo.jenkins-ci.org: https://repo.jenkins-ci.org/public/org/codehaus/plexus/plexus-compiler-javac/2.15.0/plexus-compiler-javac-2.15.0.pom
Downloading from incrementals: https://repo.jenkins-ci.org/incrementals/org/codehaus/plexus/plexus-compiler-javac/2.15.0/plexus-compiler-javac-2.15.0.pom
Downloading from central: https://repo.maven.apache.org/maven2/org/codehaus/plexus/plexus-compiler-javac/2.15.0/plexus-compiler-javac-2.15.0.pom
Progress (1): 1.3 kB                    Downloaded from central: https://repo.maven.apache.org/maven2/org/codehaus/plexus/plexus-compiler-javac/2.15.0/plexus-compiler-javac-2.15.0.pom (1.3 kB at 36 kB/s)
Downloading from repo.jenkins-ci.org: https://repo.jenkins-ci.org/public/org/codehaus/plexus/plexus-compilers/2.15.0/plexus-compilers-2.15.0.pom
Downloading from incrementals: https://repo.jenkins-ci.org/incrementals/org/codehaus/plexus/plexus-compilers/2.15.0/plexus-compilers-2.15.0.pom
Downloading from central: https://repo.maven.apache.org/maven2/org/codehaus/plexus/plexus-compilers/2.15.0/plexus-compilers-2.15.0.pom
Progress (1): 1.6 kB                    Downloaded from central: https://repo.maven.apache.org/maven2/org/codehaus/plexus/plexus-compilers/2.15.0/plexus-compilers-2.15.0.pom (1.6 kB at 45 kB/s)
Downloading from repo.jenkins-ci.org: https://repo.jenkins-ci.org/public/org/codehaus/plexus/plexus-compiler-api/2.15.0/plexus-compiler-api-2.15.0.jar
Downloading from repo.jenkins-ci.org: https://repo.jenkins-ci.org/public/org/codehaus/plexus/plexus-compiler-manager/2.15.0/plexus-compiler-manager-2.15.0.jar
Downloading from repo.jenkins-ci.org: https://repo.jenkins-ci.org/public/org/codehaus/plexus/plexus-compiler-javac/2.15.0/plexus-compiler-javac-2.15.0.jar
Downloading from incrementals: https://repo.jenkins-ci.org/incrementals/org/codehaus/plexus/plexus-compiler-api/2.15.0/plexus-compiler-api-2.15.0.jar
Downloading from incrementals: https://repo.jenkins-ci.org/incrementals/org/codehaus/plexus/plexus-compiler-manager/2.15.0/plexus-compiler-manager-2.15.0.jar
Downloading from incrementals: https://repo.jenkins-ci.org/incrementals/org/codehaus/plexus/plexus-compiler-javac/2.15.0/plexus-compiler-javac-2.15.0.jar
Downloading from central: https://repo.maven.apache.org/maven2/org/codehaus/plexus/plexus-compiler-api/2.15.0/plexus-compiler-api-2.15.0.jar
Progress (1): 16/29 kBProgress (1): 29 kB                      Downloaded from central: https://repo.maven.apache.org/maven2/org/codehaus/plexus/plexus-compiler-api/2.15.0/plexus-compiler-api-2.15.0.jar (29 kB at 105 kB/s)
Downloading from central: https://repo.maven.apache.org/maven2/org/codehaus/plexus/plexus-compiler-manager/2.15.0/plexus-compiler-manager-2.15.0.jar
Downloading from central: https://repo.maven.apache.org/maven2/org/codehaus/plexus/plexus-compiler-javac/2.15.0/plexus-compiler-javac-2.15.0.jar
Progress (1): 5.2 kBProgress (2): 5.2 kB | 16/26 kBProgress (2): 5.2 kB | 26 kB                               Downloaded from central: https://repo.maven.apache.org/maven2/org/codehaus/plexus/plexus-compiler-manager/2.15.0/plexus-compiler-manager-2.15.0.jar (5.2 kB at 71 kB/s)
Downloaded from central: https://repo.maven.apache.org/maven2/org/codehaus/plexus/plexus-compiler-javac/2.15.0/plexus-compiler-javac-2.15.0.jar (26 kB at 135 kB/s)
[INFO] Recompiling the module because of changed dependency.
[INFO] Compiling 65 source files with javac [debug parameters release 11] to target\classes
[INFO] hudson.plugins.git.GitTool.DescriptorImpl indexed under hudson.Extension
[INFO] org.jenkinsci.plugins.gitclient.GitHostKeyVerificationConfiguration indexed under hudson.Extension
[INFO] org.jenkinsci.plugins.gitclient.GitToolConfigurator indexed under hudson.Extension
[INFO] org.jenkinsci.plugins.gitclient.JGitApacheTool.DescriptorImpl indexed under hudson.Extension
[INFO] org.jenkinsci.plugins.gitclient.JGitTool.DescriptorImpl indexed under hudson.Extension
[INFO] org.jenkinsci.plugins.gitclient.verifier.AcceptFirstConnectionStrategy.AcceptFirstConnectionStrategyDescriptor indexed under hudson.Extension
[INFO] org.jenkinsci.plugins.gitclient.verifier.KnownHostsFileVerificationStrategy.KnownHostsFileVerificationStrategyDescriptor indexed under hudson.Extension
[INFO] org.jenkinsci.plugins.gitclient.verifier.ManuallyProvidedKeyVerificationStrategy.ManuallyTrustedKeyVerificationStrategyDescriptor indexed under hudson.Extension
[INFO] org.jenkinsci.plugins.gitclient.verifier.NoHostKeyVerificationStrategy indexed under hudson.Extension
[INFO] org.jenkinsci.plugins.gitclient.verifier.NoHostKeyVerificationStrategy.NoHostKeyVerificationStrategyDescriptor indexed under hudson.Extension
[INFO] /C:/Users/chrisherczeg/SWEngineering/Final/git-cilent-plugin-benchmark/GCP/src/main/java/org/jenkinsci/plugins/gitclient/AbstractGitAPIImpl.java: Some input files use or override a deprecated API.
[INFO] /C:/Users/chrisherczeg/SWEngineering/Final/git-cilent-plugin-benchmark/GCP/src/main/java/org/jenkinsci/plugins/gitclient/AbstractGitAPIImpl.java: Recompile with -Xlint:deprecation for details.
[INFO] /C:/Users/chrisherczeg/SWEngineering/Final/git-cilent-plugin-benchmark/GCP/src/main/java/org/jenkinsci/plugins/gitclient/CliGitAPIImpl.java: Some input files use unchecked or unsafe operations.
[INFO] /C:/Users/chrisherczeg/SWEngineering/Final/git-cilent-plugin-benchmark/GCP/src/main/java/org/jenkinsci/plugins/gitclient/CliGitAPIImpl.java: Recompile with -Xlint:unchecked for details.
[INFO] 
[INFO] --- access-modifier-checker:1.33:enforce (default-enforce) @ git-client ---
[INFO] 
[INFO] --- hpi:3.53:insert-test (default-insert-test) @ git-client ---
[INFO] 
[INFO] --- antrun:3.1.0:run (createTempDir) @ git-client ---
[INFO] Executing tasks
[INFO]     [mkdir] Created dir: C:\Users\chrisherczeg\SWEngineering\Final\git-cilent-plugin-benchmark\GCP\target\tmp
[INFO] Executed tasks
[INFO] 
[INFO] --- resources:3.3.1:testResources (default-testResources) @ git-client ---
[INFO] Copying 12 resources from src\test\resources to target\test-classes
[INFO] 
[INFO] --- compiler:3.13.0:testCompile (default-testCompile) @ git-client ---
[INFO] Recompiling the module because of changed dependency.
[INFO] Compiling 73 source files with javac [debug parameters release 11] to target\test-classes
[INFO] /C:/Users/chrisherczeg/SWEngineering/Final/git-cilent-plugin-benchmark/GCP/src/test/java/hudson/plugins/git/GitAPIBadInitTest.java: Some input files use or override a deprecated API.
[INFO] /C:/Users/chrisherczeg/SWEngineering/Final/git-cilent-plugin-benchmark/GCP/src/test/java/hudson/plugins/git/GitAPIBadInitTest.java: Recompile with -Xlint:deprecation for details.
[INFO] /C:/Users/chrisherczeg/SWEngineering/Final/git-cilent-plugin-benchmark/GCP/src/test/java/org/jenkinsci/plugins/gitclient/GitClientTest.java: Some input files use unchecked or unsafe operations.
[INFO] /C:/Users/chrisherczeg/SWEngineering/Final/git-cilent-plugin-benchmark/GCP/src/test/java/org/jenkinsci/plugins/gitclient/GitClientTest.java: Recompile with -Xlint:unchecked for details.
[INFO] 
[INFO] --- hpi:3.53:test-hpl (default-test-hpl) @ git-client ---
[INFO] Generating C:\Users\chrisherczeg\SWEngineering\Final\git-cilent-plugin-benchmark\GCP\target\test-classes\the.hpl
[INFO] 
[INFO] --- hpi:3.53:resolve-test-dependencies (default-resolve-test-dependencies) @ git-client ---
Downloading from repo.jenkins-ci.org: https://repo.jenkins-ci.org/public/io/jenkins/plugins/mina-sshd-api/mina-sshd-api-common/2.12.1-101.v85b_e08b_780dd/mina-sshd-api-common-2.12.1-101.v85b_e08b_780dd.hpi
Progress (1): 7.5/838 kBProgress (1): 24/838 kB Progress (1): 25/838 kBProgress (1): 41/838 kBProgress (1): 42/838 kBProgress (1): 53/838 kBProgress (1): 62/838 kBProgress (1): 79/838 kBProgress (1): 80/838 kBProgress (1): 89/838 kBProgress (1): 106/838 kBProgress (1): 107/838 kBProgress (1): 116/838 kBProgress (1): 125/838 kBProgress (1): 142/838 kBProgress (1): 143/838 kBProgress (1): 152/838 kBProgress (1): 169/838 kBProgress (1): 170/838 kBProgress (1): 185/838 kBProgress (1): 188/838 kBProgress (1): 197/838 kBProgress (1): 214/838 kBProgress (1): 215/838 kBProgress (1): 230/838 kBProgress (1): 246/838 kBProgress (1): 247/838 kBProgress (1): 251/838 kBProgress (1): 260/838 kBProgress (1): 277/838 kBProgress (1): 278/838 kBProgress (1): 293/838 kBProgress (1): 309/838 kBProgress (1): 310/838 kBProgress (1): 314/838 kBProgress (1): 323/838 kBProgress (1): 340/838 kBProgress (1): 341/838 kBProgress (1): 350/838 kBProgress (1): 367/838 kBProgress (1): 368/838 kBProgress (1): 377/838 kBProgress (1): 386/838 kBProgress (1): 403/838 kBProgress (1): 419/838 kBProgress (1): 420/838 kBProgress (1): 436/838 kBProgress (1): 437/838 kBProgress (1): 449/838 kBProgress (1): 458/838 kBProgress (1): 475/838 kBProgress (1): 476/838 kBProgress (1): 491/838 kBProgress (1): 507/838 kBProgress (1): 508/838 kBProgress (1): 512/838 kBProgress (1): 521/838 kBProgress (1): 538/838 kBProgress (1): 539/838 kBProgress (1): 548/838 kBProgress (1): 565/838 kBProgress (1): 566/838 kBProgress (1): 575/838 kBProgress (1): 592/838 kBProgress (1): 593/838 kBProgress (1): 608/838 kBProgress (1): 624/838 kBProgress (1): 625/838 kBProgress (1): 638/838 kBProgress (1): 647/838 kBProgress (1): 664/838 kBProgress (1): 665/838 kBProgress (1): 680/838 kBProgress (1): 696/838 kBProgress (1): 697/838 kBProgress (1): 701/838 kBProgress (1): 710/838 kBProgress (1): 719/838 kBProgress (1): 736/838 kBProgress (1): 752/838 kBProgress (1): 753/838 kBProgress (1): 769/838 kBProgress (1): 770/838 kBProgress (1): 773/838 kBProgress (1): 782/838 kBProgress (1): 799/838 kBProgress (1): 800/838 kBProgress (1): 815/838 kBProgress (1): 827/838 kBProgress (1): 836/838 kBProgress (1): 838 kB                        Downloaded from repo.jenkins-ci.org: https://repo.jenkins-ci.org/public/io/jenkins/plugins/mina-sshd-api/mina-sshd-api-common/2.12.1-101.v85b_e08b_780dd/mina-sshd-api-common-2.12.1-101.v85b_e08b_780dd.hpi (838 kB at 1.5 MB/s)
Downloading from repo.jenkins-ci.org: https://repo.jenkins-ci.org/public/io/jenkins/plugins/mina-sshd-api/mina-sshd-api-core/2.12.1-101.v85b_e08b_780dd/mina-sshd-api-core-2.12.1-101.v85b_e08b_780dd.hpi
Downloading from repo.jenkins-ci.org: https://repo.jenkins-ci.org/public/org/jenkins-ci/plugins/workflow/workflow-support/896.v175a_a_9c5b_78f/workflow-support-896.v175a_a_9c5b_78f.hpi
Downloading from repo.jenkins-ci.org: https://repo.jenkins-ci.org/public/org/jenkins-ci/plugins/script-security/1335.vf07d9ce377a_e/script-security-1335.vf07d9ce377a_e.hpi
Downloading from repo.jenkins-ci.org: https://repo.jenkins-ci.org/public/org/jenkins-ci/plugins/ssh-credentials/337.v395d2403ccd4/ssh-credentials-337.v395d2403ccd4.hpi
Downloading from repo.jenkins-ci.org: https://repo.jenkins-ci.org/public/org/jenkins-ci/plugins/variant/60.v7290fc0eb_b_cd/variant-60.v7290fc0eb_b_cd.hpi
Progress (1): 0.5/52 kBProgress (1): 1.9/52 kBProgress (1): 3.3/52 kBProgress (1): 4.7/52 kBProgress (1): 6.1/52 kBProgress (1): 7.5/52 kBProgress (1): 8.9/52 kBProgress (1): 10/52 kB Progress (1): 12/52 kBProgress (1): 13/52 kBProgress (2): 13/52 kB | 0.5/9.9 kBProgress (2): 13/52 kB | 1.9/9.9 kBProgress (2): 13/52 kB | 3.3/9.9 kBProgress (2): 13/52 kB | 4.7/9.9 kBProgress (2): 13/52 kB | 6.1/9.9 kBProgress (2): 13/52 kB | 7.5/9.9 kBProgress (2): 13/52 kB | 8.9/9.9 kBProgress (2): 13/52 kB | 9.9 kB    Progress (2): 14/52 kB | 9.9 kBProgress (2): 16/52 kB | 9.9 kBProgress (2): 17/52 kB | 9.9 kBProgress (2): 19/52 kB | 9.9 kBProgress (2): 20/52 kB | 9.9 kBProgress (2): 21/52 kB | 9.9 kBProgress (2): 23/52 kB | 9.9 kBProgress (2): 24/52 kB | 9.9 kBProgress (2): 26/52 kB | 9.9 kBProgress (2): 27/52 kB | 9.9 kBProgress (2): 28/52 kB | 9.9 kBProgress (2): 30/52 kB | 9.9 kBProgress (2): 31/52 kB | 9.9 kBProgress (2): 33/52 kB | 9.9 kBProgress (2): 34/52 kB | 9.9 kBProgress (2): 35/52 kB | 9.9 kBProgress (2): 37/52 kB | 9.9 kBProgress (2): 38/52 kB | 9.9 kBProgress (2): 40/52 kB | 9.9 kBProgress (2): 41/52 kB | 9.9 kBProgress (2): 42/52 kB | 9.9 kBProgress (2): 44/52 kB | 9.9 kBProgress (2): 45/52 kB | 9.9 kBProgress (2): 47/52 kB | 9.9 kBProgress (2): 48/52 kB | 9.9 kBProgress (2): 49/52 kB | 9.9 kBProgress (2): 51/52 kB | 9.9 kBProgress (2): 52 kB | 9.9 kB                               Downloaded from repo.jenkins-ci.org: https://repo.jenkins-ci.org/public/org/jenkins-ci/plugins/ssh-credentials/337.v395d2403ccd4/ssh-credentials-337.v395d2403ccd4.hpi (52 kB at 331 kB/s)
Progress (2): 9.9 kB | 16/400 kBProgress (2): 9.9 kB | 32/400 kBProgress (2): 9.9 kB | 33/400 kBProgress (2): 9.9 kB | 49/400 kBProgress (2): 9.9 kB | 50/400 kBProgress (2): 9.9 kB | 67/400 kBProgress (2): 9.9 kB | 68/400 kBProgress (2): 9.9 kB | 84/400 kBProgress (2): 9.9 kB | 85/400 kBProgress (2): 9.9 kB | 102/400 kBProgress (2): 9.9 kB | 103/400 kBProgress (2): 9.9 kB | 116/400 kBProgress (2): 9.9 kB | 133/400 kBProgress (2): 9.9 kB | 134/400 kBProgress (2): 9.9 kB | 150/400 kBProgress (2): 9.9 kB | 151/400 kBProgress (2): 9.9 kB | 167/400 kBProgress (2): 9.9 kB | 169/400 kBProgress (2): 9.9 kB | 185/400 kBProgress (2): 9.9 kB | 185/400 kBProgress (2): 9.9 kB | 201/400 kBProgress (2): 9.9 kB | 202/400 kBProgress (2): 9.9 kB | 219/400 kBProgress (2): 9.9 kB | 220/400 kBProgress (2): 9.9 kB | 236/400 kBProgress (2): 9.9 kB | 237/400 kBProgress (2): 9.9 kB | 251/400 kBProgress (2): 9.9 kB | 268/400 kBProgress (2): 9.9 kB | 269/400 kBProgress (2): 9.9 kB | 269/400 kBProgress (2): 9.9 kB | 286/400 kBProgress (2): 9.9 kB | 287/400 kB                                 Downloaded from repo.jenkins-ci.org: https://repo.jenkins-ci.org/public/org/jenkins-ci/plugins/variant/60.v7290fc0eb_b_cd/variant-60.v7290fc0eb_b_cd.hpi (9.9 kB at 41 kB/s)
Progress (1): 302/400 kBProgress (1): 314/400 kBProgress (1): 331/400 kBProgress (1): 332/400 kBProgress (1): 332/400 kBProgress (1): 349/400 kBProgress (1): 350/400 kBProgress (1): 365/400 kBProgress (1): 377/400 kBProgress (1): 386/400 kBProgress (1): 395/400 kBProgress (1): 400 kB    Progress (2): 400 kB | 16/861 kBProgress (2): 400 kB | 17/861 kBProgress (2): 400 kB | 25/861 kBProgress (3): 400 kB | 25/861 kB | 16/211 kBProgress (3): 400 kB | 25/861 kB | 17/211 kBProgress (3): 400 kB | 25/861 kB | 17/211 kBProgress (3): 400 kB | 41/861 kB | 17/211 kBProgress (3): 400 kB | 42/861 kB | 17/211 kBProgress (3): 400 kB | 58/861 kB | 17/211 kBProgress (3): 400 kB | 59/861 kB | 17/211 kBProgress (3): 400 kB | 76/861 kB | 17/211 kBProgress (3): 400 kB | 77/861 kB | 17/211 kBProgress (3): 400 kB | 77/861 kB | 34/211 kBProgress (3): 400 kB | 77/861 kB | 35/211 kBProgress (3): 400 kB | 77/861 kB | 50/211 kBProgress (3): 400 kB | 77/861 kB | 66/211 kBProgress (3): 400 kB | 77/861 kB | 67/211 kB                                            Downloaded from repo.jenkins-ci.org: https://repo.jenkins-ci.org/public/org/jenkins-ci/plugins/workflow/workflow-support/896.v175a_a_9c5b_78f/workflow-support-896.v175a_a_9c5b_78f.hpi (400 kB at 1.1 MB/s)
Progress (2): 93/861 kB | 67/211 kBProgress (2): 94/861 kB | 67/211 kBProgress (2): 111/861 kB | 67/211 kBProgress (2): 112/861 kB | 67/211 kBProgress (2): 116/861 kB | 67/211 kBProgress (2): 125/861 kB | 67/211 kBProgress (2): 142/861 kB | 67/211 kBProgress (2): 143/861 kB | 67/211 kBProgress (2): 158/861 kB | 67/211 kBProgress (2): 174/861 kB | 67/211 kBProgress (2): 175/861 kB | 67/211 kBProgress (2): 188/861 kB | 67/211 kBProgress (2): 188/861 kB | 84/211 kBProgress (2): 188/861 kB | 85/211 kBProgress (2): 188/861 kB | 98/211 kBProgress (2): 188/861 kB | 115/211 kBProgress (2): 188/861 kB | 116/211 kBProgress (2): 188/861 kB | 116/211 kBProgress (2): 188/861 kB | 125/211 kBProgress (2): 188/861 kB | 142/211 kBProgress (2): 188/861 kB | 143/211 kBProgress (2): 188/861 kB | 152/211 kBProgress (2): 188/861 kB | 169/211 kBProgress (2): 188/861 kB | 170/211 kBProgress (2): 188/861 kB | 185/211 kBProgress (2): 197/861 kB | 185/211 kBProgress (2): 214/861 kB | 185/211 kBProgress (2): 215/861 kB | 185/211 kBProgress (2): 230/861 kB | 185/211 kBProgress (2): 246/861 kB | 185/211 kBProgress (2): 247/861 kB | 185/211 kBProgress (2): 251/861 kB | 185/211 kBProgress (2): 260/861 kB | 185/211 kBProgress (2): 277/861 kB | 185/211 kBProgress (2): 278/861 kB | 185/211 kBProgress (2): 293/861 kB | 185/211 kBProgress (2): 309/861 kB | 185/211 kBProgress (2): 310/861 kB | 185/211 kBProgress (2): 314/861 kB | 185/211 kBProgress (2): 323/861 kB | 185/211 kBProgress (2): 340/861 kB | 185/211 kBProgress (2): 341/861 kB | 185/211 kBProgress (2): 356/861 kB | 185/211 kBProgress (2): 372/861 kB | 185/211 kBProgress (2): 373/861 kB | 185/211 kBProgress (2): 377/861 kB | 185/211 kBProgress (2): 386/861 kB | 185/211 kBProgress (2): 403/861 kB | 185/211 kBProgress (2): 404/861 kB | 185/211 kBProgress (2): 404/861 kB | 197/211 kBProgress (2): 404/861 kB | 206/211 kBProgress (2): 404/861 kB | 211 kB    Progress (2): 419/861 kB | 211 kBProgress (2): 435/861 kB | 211 kBProgress (2): 436/861 kB | 211 kBProgress (2): 449/861 kB | 211 kBProgress (2): 458/861 kB | 211 kBProgress (2): 475/861 kB | 211 kBProgress (2): 476/861 kB | 211 kBProgress (2): 491/861 kB | 211 kBProgress (2): 507/861 kB | 211 kBProgress (2): 508/861 kB | 211 kBProgress (2): 512/861 kB | 211 kBProgress (2): 521/861 kB | 211 kBProgress (2): 538/861 kB | 211 kBProgress (2): 539/861 kB | 211 kBProgress (2): 554/861 kB | 211 kBProgress (2): 570/861 kB | 211 kBProgress (2): 571/861 kB | 211 kBProgress (2): 575/861 kB | 211 kBProgress (2): 584/861 kB | 211 kBProgress (2): 601/861 kB | 211 kBProgress (2): 602/861 kB | 211 kBProgress (2): 617/861 kB | 211 kBProgress (2): 633/861 kB | 211 kBProgress (2): 634/861 kB | 211 kBProgress (2): 638/861 kB | 211 kBProgress (2): 647/861 kB | 211 kBProgress (2): 664/861 kB | 211 kBProgress (2): 665/861 kB | 211 kBProgress (2): 680/861 kB | 211 kBProgress (2): 696/861 kB | 211 kBProgress (2): 697/861 kB | 211 kBProgress (2): 710/861 kB | 211 kBProgress (2): 719/861 kB | 211 kBProgress (2): 736/861 kB | 211 kBProgress (2): 737/861 kB | 211 kBProgress (2): 752/861 kB | 211 kBProgress (2): 768/861 kB | 211 kBProgress (2): 769/861 kB | 211 kBProgress (2): 773/861 kB | 211 kBProgress (2): 782/861 kB | 211 kBProgress (2): 799/861 kB | 211 kBProgress (2): 800/861 kB | 211 kB                                 Downloaded from repo.jenkins-ci.org: https://repo.jenkins-ci.org/public/org/jenkins-ci/plugins/script-security/1335.vf07d9ce377a_e/script-security-1335.vf07d9ce377a_e.hpi (211 kB at 423 kB/s)
Progress (1): 815/861 kBProgress (1): 831/861 kBProgress (1): 832/861 kBProgress (1): 836/861 kBProgress (1): 845/861 kBProgress (1): 854/861 kBProgress (1): 861 kB                        Downloaded from repo.jenkins-ci.org: https://repo.jenkins-ci.org/public/io/jenkins/plugins/mina-sshd-api/mina-sshd-api-core/2.12.1-101.v85b_e08b_780dd/mina-sshd-api-core-2.12.1-101.v85b_e08b_780dd.hpi (861 kB at 1.4 MB/s)
[INFO] 
[INFO] --- hpi:3.53:test-runtime (default-test-runtime) @ git-client ---
[INFO] Setting jenkins.addOpens to --add-opens java.base/java.lang=ALL-UNNAMED --add-opens java.base/java.io=ALL-UNNAMED --add-opens java.base/java.util=ALL-UNNAMED --add-opens java.desktop/com.sun.beans.introspect=ALL-UNNAMED
[INFO] Setting jenkins.insaneHook to --patch-module='java.base=C:\Users\chrisherczeg\SWEngineering\Final\git-cilent-plugin-benchmark\GCP\target\patch-modules\org-netbeans-insane-hook.jar' --add-exports=java.base/org.netbeans.insane.hook=ALL-UNNAMED
[INFO] 
[INFO] --- surefire:3.2.5:test (default-test) @ git-client ---
[INFO] Using auto detected provider org.apache.maven.surefire.junitplatform.JUnitPlatformProvider
[INFO] 
[INFO] -------------------------------------------------------
[INFO]  T E S T S
[INFO] -------------------------------------------------------
[INFO] Running org.jenkinsci.plugins.gitclient.GitAPITest
[INFO] Tests run: 177, Failures: 0, Errors: 0, Skipped: 0, Time elapsed: 229.9 s -- in org.jenkinsci.plugins.gitclient.GitAPITest
[INFO] Running org.jenkinsci.plugins.gitclient.GitClientCloneTest
[INFO] Tests run: 57, Failures: 0, Errors: 0, Skipped: 0, Time elapsed: 178.2 s -- in org.jenkinsci.plugins.gitclient.GitClientCloneTest
[INFO] Running org.jenkinsci.plugins.gitclient.GitClientTest
[INFO] Tests run: 417, Failures: 0, Errors: 0, Skipped: 0, Time elapsed: 809.3 s -- in org.jenkinsci.plugins.gitclient.GitClientTest
[INFO] 
[INFO] Results:
[INFO] 
[INFO] Tests run: 651, Failures: 0, Errors: 0, Skipped: 0
[INFO] 
[INFO] ------------------------------------------------------------------------
[INFO] BUILD SUCCESS
[INFO] ------------------------------------------------------------------------
[INFO] Total time:  21:22 min
[INFO] Finished at: 2024-04-17T17:24:04-05:00
[INFO] ------------------------------------------------------------------------
